[trello.com/index.html]
[backblue.gif]
[fade.gif]
[index.html]
[d2t77mnxyo7adj.cloudfront.net/v1/c2866.js]
[trello.com/GET.html]
[d2k1ftgv7pobq7.cloudfront.net/meta/p/res/js/analytics/d6da7679310d33e2493c6ae4b75eae8d/googleAnalytics.js]
[d2k1ftgv7pobq7.cloudfront.net/meta/p/res/js/analytics/07704e81046d51af8ee40cf7f4ee17eb/googleTagManager.js]
[a.trellocdn.com/lib/snowplow/2.9.0.js]
[trello.com/home.html]
[d2k1ftgv7pobq7.cloudfront.net/meta/p/res/images/06f0833d33e1d71bbf0858029839b406/butler.png]
[trello.com/signup.html]
[d2k1ftgv7pobq7.cloudfront.net/meta/p/res/images/0cad30a99820b0d840a5b48635d00b6e/updated-layouts-collab.png]
[trello.com/login.html]
[d2k1ftgv7pobq7.cloudfront.net/meta/p/res/images/15e77c8347135120a438d17e38195e44/updated-layouts-platform.png]
[trello.com/teams.html]
[d2k1ftgv7pobq7.cloudfront.net/meta/p/res/images/6eaaf5e37ab67a8ed6cd7764660513b9/updated-layouts-sync.png]
[d2k1ftgv7pobq7.cloudfront.net/meta/p/res/images/eebf313cb223112b503b7322173b013c/btn-appstore-black.png]
[d2k1ftgv7pobq7.cloudfront.net/meta/p/res/images/bcde9868a665af4ab4efe460c46fbc7b/btn-playstore-black.png]
[trello.com/power-ups.html]
[d2k1ftgv7pobq7.cloudfront.net/meta/p/res/js/67806f9ff1ce059372fafdc52c3073c2/jquery.min.js]
[d2k1ftgv7pobq7.cloudfront.net/meta/p/res/js/d48e93d7cff906f56a79ed6e4591e0b6/languagePicker.js]
[trello.com/business-class.html]
[trello.com/templates.html]
[trello.com/pricing.html]
[trello.com/platforms.html]
[trello.com/about.html]
[d2k1ftgv7pobq7.cloudfront.net/meta/p/res/js/a775150cc87c4dd9083f0cddb25d32d9/patternLibrary.js]
[d2k1ftgv7pobq7.cloudfront.net/meta/p/res/js/cfe32e63c0dc7dced3300c77cdea9f48/underscore.min.js]
[d2k1ftgv7pobq7.cloudfront.net/meta/p/res/js/analytics/b7429eb4f7c605cbcf21707898f671c9/analytics-web-client.js]
[d2k1ftgv7pobq7.cloudfront.net/meta/p/res/js/analytics/920344ff27684fe94e6cd718aa5e448d/init-analytics-web-client.js]
[d2k1ftgv7pobq7.cloudfront.net/meta/p/res/js/analytics/36252699f58e708db8f43a7c1382f0a9/eventsWrapper.js]
[trello.com/index.html]
[a.trellocdn.com/prgb/dist/core.8657286f9f3037871aad.css]
[a.trellocdn.com/prgb/dist/cookieConsent.cd58593665e31d54b161.js]
[www.google-analytics.com/analytics.js]
[a.trellocdn.com/prgb/dist/snowplow.4c4e526f617e48a0dfbc.js]
[a.trellocdn.com/prgb/dist/quickload.5840fb9977ec271695a0.js]
[a.trellocdn.com/prgb/dist/images.639d208c51b9c14e6391.css]
[a.trellocdn.com/prgb/dist/images/ios/apple-touch-icon-152x152-precomposed.0307bc39ec6c9ff499c8.png]
[a.trellocdn.com/prgb/dist/images/ios/apple-touch-icon-144x144-precomposed.0dbf6daf256eb7678e5e.png]
[a.trellocdn.com/prgb/dist/images/ios/apple-touch-icon-120x120-precomposed.a68051b5c9144abe859b.png]
[a.trellocdn.com/prgb/dist/images/ios/apple-touch-icon-114x114-precomposed.7f4a80b64fd8fd99840b.png]
[a.trellocdn.com/prgb/dist/images/ios/apple-touch-icon-72x72-precomposed.91a3a04ec68a60903801.png]
[a.trellocdn.com/prgb/dist/images/ios/apple-touch-icon-precomposed.8de2074e8a785dd5d498.png]
[trello.com/osd.xml]
[a.trellocdn.com/prgb/dist/locale.en-US.add3c0a70620294d7615.js]
[trello.com/GET.html]
[trello.com/home.html]
[d2k1ftgv7pobq7.cloudfront.net/meta/c/p/res/images/68369975a2dc2deec3d9d233ccf82ae3/gold-backgrounds-ocean.png]
[d2k1ftgv7pobq7.cloudfront.net/meta/c/p/res/js/67806f9ff1ce059372fafdc52c3073c2/jquery.min.js]
[d2k1ftgv7pobq7.cloudfront.net/meta/c/p/res/js/analytics/d6da7679310d33e2493c6ae4b75eae8d/googleAnalytics.js]
[a.trellocdn.com/prgb/dist/ltp.c3c51a78339bf4aefd40.js]
[d2k1ftgv7pobq7.cloudfront.net/meta/c/p/res/js/analytics/07704e81046d51af8ee40cf7f4ee17eb/googleTagManager.js]
[d2k1ftgv7pobq7.cloudfront.net/meta/c/p/res/js/cfe32e63c0dc7dced3300c77cdea9f48/underscore.min.js]
[d2k1ftgv7pobq7.cloudfront.net/meta/c/p/res/js/analytics/b7429eb4f7c605cbcf21707898f671c9/analytics-web-client.js]
[d2k1ftgv7pobq7.cloudfront.net/meta/c/p/res/js/analytics/920344ff27684fe94e6cd718aa5e448d/init-analytics-web-client.js]
[d2k1ftgv7pobq7.cloudfront.net/meta/c/p/res/js/analytics/36252699f58e708db8f43a7c1382f0a9/eventsWrapper.js]
[appleid.cdn-apple.com/appleauth/static/jsapi/appleid/1/en_US/appleid.auth.js]
[d2k1ftgv7pobq7.cloudfront.net/meta/c/p/res/js/d48e93d7cff906f56a79ed6e4591e0b6/languagePicker.js]
[trello.com/login.html]
[trello.com/forgot.html]
[www.google.com/recaptcha/api.js]
[trello.com/signup.html]
[d2k1ftgv7pobq7.cloudfront.net/meta/u/res/css/f36d444447fe47d6514ddd3dd608d46e/metamorph-core.css]
[d2k1ftgv7pobq7.cloudfront.net/meta/u/res/images/68369975a2dc2deec3d9d233ccf82ae3/gold-backgrounds-ocean.png]
[d2k1ftgv7pobq7.cloudfront.net/meta/u/res/js/67806f9ff1ce059372fafdc52c3073c2/jquery.min.js]
[d2k1ftgv7pobq7.cloudfront.net/meta/u/res/js/analytics/d6da7679310d33e2493c6ae4b75eae8d/googleAnalytics.js]
[d2k1ftgv7pobq7.cloudfront.net/meta/u/res/js/analytics/07704e81046d51af8ee40cf7f4ee17eb/googleTagManager.js]
[a.trellocdn.com/prgb/dist/app.9034d8453a71d7c4668a.js]
[trello.com/login9e34.html]
[d2k1ftgv7pobq7.cloudfront.net/meta/u/res/images/42fc0ea249321b3a281153c95e163e53/team-header.png]
[trello.com/signup9e34.html]
[trello.com/teams/marketing.html]
[trello.com/teams/team-management.html]
[trello.com/teams/design.html]
[trello.com/teams/engineering.html]
[trello.com/teams/sales.html]
[trello.com/teams/product.html]
[trello.com/teams/support.html]
[trello.com/teams/humanresources.html]
[trello.com/teams/remote-team-management.html]
[trello.com/teams/startups.html]
[trello.com/teams/personal-productivity.html]
[trello.com/teams/home.html]
[trello.com/teams/wedding-planning.html]
[trello.com/guide.html]
[d2k1ftgv7pobq7.cloudfront.net/meta/u/res/images/85af23bbc341235d71613b15154868c1/work.png]
[d2k1ftgv7pobq7.cloudfront.net/meta/u/res/images/a753e811f3e8279e3933986af542e5c5/business-class-burgerfi.png]
[d2k1ftgv7pobq7.cloudfront.net/meta/u/res/images/ba170cc0ff99ca8458f90938cb05f499/business-class-desk-plants.png]
[d2k1ftgv7pobq7.cloudfront.net/meta/u/res/images/c0991c29b05d191ec80dee5ddb37569d/business-class-mccorvey.png]
[d2k1ftgv7pobq7.cloudfront.net/meta/u/res/js/d48e93d7cff906f56a79ed6e4591e0b6/languagePicker.js]
[d2k1ftgv7pobq7.cloudfront.net/meta/u/res/js/c6ba51228b8178dbca3edb42b4773d1e/teams.js]
[trello.com/teams.html]
[trello.com/power-ups.html]
[d2k1ftgv7pobq7.cloudfront.net/meta/u/res/css/a11097b425acf2bb139c6c63bf57ccdb/new-bc.css]
[trello.com/select-team-to-upgrade.html]
[d2k1ftgv7pobq7.cloudfront.net/meta/u/res/images/79d2f7466f7ec2480111f424356137ff/powerful-features.png]
[d2k1ftgv7pobq7.cloudfront.net/meta/u/res/images/06f0833d33e1d71bbf0858029839b406/butler.png]
[d2k1ftgv7pobq7.cloudfront.net/meta/u/res/images/dbd9d46121b0dd2564cb5d1f85014542/brain-guards.png]
[trello.com/enterprise.html]
[d2k1ftgv7pobq7.cloudfront.net/meta/u/res/js/e1d23af83cfc559fbe80cde406692f40/events.js]
[trello.com/business-class.html]
[trello.com/templates.html]
[d2k1ftgv7pobq7.cloudfront.net/meta/u/res/css/cd86153c57b75b1c1370c389e7d9e0b8/pricing.css]
[trello.com/pricing.html]
[d2k1ftgv7pobq7.cloudfront.net/meta/u/res/js/60f61e3451478464c49ef097d8726a38/pricing.min.js]
[trello.com/login893e.html]
[d2k1ftgv7pobq7.cloudfront.net/meta/u/res/images/de3e7a3eaffba6524ed7facaaf892a32/web-icon.png]
[d2k1ftgv7pobq7.cloudfront.net/meta/u/res/images/7807a4351b6b1b739b7bb714ce5bc792/mobile-icon.png]
[d2k1ftgv7pobq7.cloudfront.net/meta/u/res/images/c9947b2518ef5a1c51049914b3d8a0aa/button-app-store.png]
[trello.com/signup893e.html]
[d2k1ftgv7pobq7.cloudfront.net/meta/u/res/images/d74f56e123b6c4825ad7b8d33a964995/button-google-play.png]
[d2k1ftgv7pobq7.cloudfront.net/meta/u/res/images/eb9c40dbdb349d8b5a962647811fd898/desktop-icon.png]
[d2k1ftgv7pobq7.cloudfront.net/meta/u/res/images/5a96cb2581df109edb8de046fb1c11a6/button-windows-store.png]
[d2k1ftgv7pobq7.cloudfront.net/meta/u/res/images/d53da993c26bc5621605823a302c79e8/icon-chrome.png]
[d2k1ftgv7pobq7.cloudfront.net/meta/u/res/images/b555658f3b2f9cf49ca719f8ac4bed94/icon-firefox.png]
[d2k1ftgv7pobq7.cloudfront.net/meta/u/res/images/3680820176d107c0ba7b18bb3a4bbf61/icon-edge.png]
[trello.com/platforms.html]
[d2k1ftgv7pobq7.cloudfront.net/meta/u/res/images/fc44e47e33c88e880ee14507e680e70d/icon-safari.png]
[trello.com/logindb00.html]
[d2k1ftgv7pobq7.cloudfront.net/meta/u/res/images/7b505b2776a61194d5061b8e6a55bee7/about-wired-logo.png]
[d2k1ftgv7pobq7.cloudfront.net/meta/u/res/images/2f11846717f5573dcc6d5f1229837871/about-wsj-logo.png]
[trello.com/signupdb00.html]
[d2k1ftgv7pobq7.cloudfront.net/meta/u/res/images/dbec1c3f77252b98a113172b49821aa4/about-techcrunch-logo.png]
[d2k1ftgv7pobq7.cloudfront.net/meta/u/res/images/30b401a2b5b60ab4838cfa4c84bb80da/about-forbes-logo.png]
[trello.com/about.html]
[trello.com/legal.html]
[trello.com/privacy.html]
[a.trellocdn.com/prgb/dist/fonts/trellicons.01f4873da4f2b2c57352.eot]
[a.trellocdn.com/prgb/dist/core.8657286f9f3037871aad.css]
[www.googletagmanager.com/gtm5445.html]
[a.trellocdn.com/prgb/dist/images.639d208c51b9c14e6391.css]
[trello.com/forgot.html]
[d2k1ftgv7pobq7.cloudfront.net/meta/u/res/css/f36d444447fe47d6514ddd3dd608d46e/metamorph-core.css]
[trello.com/login9e34.html]
[trello.com/signup9e34.html]
[trello.com/contact.html]
[d2k1ftgv7pobq7.cloudfront.net/meta/u/res/css/72af9996d851111651ffef89e0ac237b/main.css]
[d2k1ftgv7pobq7.cloudfront.net/meta/u/res/css/691302c9e878bf72700fd8bcbb2b325d/teams.css]
[trello.com/teams/GET.html]
[trello.com/login324f.html]
[d2k1ftgv7pobq7.cloudfront.net/meta/u/res/images/8f5718033d938281f2cb99dc0b563be3/playbooks_boardtile_engineering.png]
[d2k1ftgv7pobq7.cloudfront.net/meta/u/res/images/77db64630b1ba1caf71ea4907fe3283b/dev-sprintboard.png]
[trello.com/signup324f.html]
[trello.com/b/ZqN99gGN/agile-sprint-board.html]
[d2k1ftgv7pobq7.cloudfront.net/meta/u/res/images/4cb6b7832e109d93d7df560112785beb/dev-bugreports.png]
[trello.com/b/DJkOiRrz/bug-reports.html]
[d2k1ftgv7pobq7.cloudfront.net/meta/u/res/images/98dd9d8d31f7597f29fbcee680d7962e/dev-sitereliability.png]
[trello.com/b/JNM99zAE/site-reliability.html]
[d2k1ftgv7pobq7.cloudfront.net/meta/u/res/images/3e655931e8374a41b6a4819452127c9a/dev-productroadmap.png]
[trello.com/b/FrbAJsbH/product-roadmap.html]
[d2k1ftgv7pobq7.cloudfront.net/meta/u/res/images/d435d4d3f678289022868a33b6d486f6/dev-sprintretrospective.png]
[trello.com/b/hkaQsLWx/sprint-retrospective.html]
[d2k1ftgv7pobq7.cloudfront.net/meta/u/res/images/6f4d2a1aa84c78190e4e325164f59b15/webinar-play-btn.png]
[d2k1ftgv7pobq7.cloudfront.net/meta/u/res/images/c8f9af2fa6c39827a86b5d254f261876/webinar.png]
[d2k1ftgv7pobq7.cloudfront.net/meta/u/res/images/09a99a4772474e3c3e8090629c780cd0/powerup-tile-github.png]
[trello.com/webinars.html]
[d2k1ftgv7pobq7.cloudfront.net/meta/u/res/images/c2a9f6de2418de736539c36630d073c4/dev-github.jpg]
[d2k1ftgv7pobq7.cloudfront.net/meta/u/res/images/69342dc863aec7b3a5ee5b1133c8c95d/powerup-tile-zendesk.png]
[d2k1ftgv7pobq7.cloudfront.net/meta/u/res/images/53a14cd05aaf67cc73e57ba3a35e4179/dev-zendesk.jpg]
[d2k1ftgv7pobq7.cloudfront.net/meta/u/res/images/c0305b8edeeba670a19a2498da97eb4d/powerup-tile-customfields.png]
[d2k1ftgv7pobq7.cloudfront.net/meta/u/res/images/4762888ce35d0a60bfbb106566f27458/dev-customfields.jpg]
[d2k1ftgv7pobq7.cloudfront.net/meta/u/res/images/586fd8e82eedd58050a2b95306c80011/power-up-screenful.png]
[d2k1ftgv7pobq7.cloudfront.net/meta/u/res/images/92f182568cc4f1b6b0f07aad886ab38d/dev-screenful.jpg]
[d2k1ftgv7pobq7.cloudfront.net/meta/u/res/images/4110a458bc64298f4dc601db987df866/powerup-tile-marker.png]
[blog.trello.com/hs-fs/hubfs/Imported_Blog_Media/scrum_agile_feature-1024x512.jpg]
[d2k1ftgv7pobq7.cloudfront.net/meta/u/res/images/e45746a50f11f4bd2e57b15339b449d4/agile-post.png]
[blog.trello.com/hs-fs/hubfs/Imported_Blog_Media/retrospectives_feature2-640x360.jpg]
[d2k1ftgv7pobq7.cloudfront.net/meta/u/res/images/ae989257b8784d47a8f7d50e86d31b0a/taco-blog.png]
[trello.com/teams/engineering.html]
[d2k1ftgv7pobq7.cloudfront.net/meta/u/res/css/1339b0627b8250f880e90d8ffdd5e519/trello-for-teams.css]
[trello.com/login1265.html]
[trello.com/signup1265.html]
[d2k1ftgv7pobq7.cloudfront.net/meta/u/res/teams/team-management/dist/2cbf392290791254e610979858f49edf/pointy-left.png]
[d2k1ftgv7pobq7.cloudfront.net/meta/u/res/teams/team-management/dist/a7be38f9805592df9c3eae431de565a5/pointy-right.png]
[d2k1ftgv7pobq7.cloudfront.net/meta/u/res/teams/team-management/dist/2ef1380e49ba48f5236ab730567329ba/left-sparkles.png]
[d2k1ftgv7pobq7.cloudfront.net/meta/u/res/teams/team-management/dist/879cad6b97e1515d54ebf68f85c0ec33/right-sparkles.png]
[d2k1ftgv7pobq7.cloudfront.net/meta/u/res/teams/team-management/dist/1d89aca3a89942e787f9426af6959094/pricing.png]
[d2k1ftgv7pobq7.cloudfront.net/meta/u/res/teams/team-management/dist/4b742600278191de89a6541e3958bf70/playbooks.png]
[trello.com/teams/team-management.html]
[d2k1ftgv7pobq7.cloudfront.net/meta/u/res/teams/team-management/dist/6ff7eff2140c89a46666653d83ee570d/trello-for-teams.min.js]
[trello.com/login0474.html]
[d2k1ftgv7pobq7.cloudfront.net/meta/u/res/images/e37168bb8c61e0511029519676466a07/playbooks_boardtile_marketing.png]
[trello.com/signup0474.html]
[d2k1ftgv7pobq7.cloudfront.net/meta/u/res/images/d0cb46f56074a89b87726ad2d7fccc43/marketing-editorial.png]
[trello.com/b/UQk1wa4a/editorial-calendar.html]
[d2k1ftgv7pobq7.cloudfront.net/meta/u/res/images/9abc2682302694db3af9e576f7271faa/marketing-overview.png]
[trello.com/b/VoJQd9UF/marketing-overview.html]
[d2k1ftgv7pobq7.cloudfront.net/meta/u/res/images/cbc714578f0a58058ea68f85b87abec2/marketing-eventplanning.png]
[trello.com/b/OUj5xYZN/event-planning.html]
[d2k1ftgv7pobq7.cloudfront.net/meta/u/res/images/8cc9c1e6b026cde9870af16dd9aa5e26/marketing-incomingrequests.png]
[trello.com/b/n0VLHw5j/incoming-requests.html]
[d2k1ftgv7pobq7.cloudfront.net/meta/u/res/images/5ae52694e3e00d034665aec72e06e960/marketing-productlaunch.png]
[trello.com/b/oC0r5y4V/product-launch.html]
[d2k1ftgv7pobq7.cloudfront.net/meta/u/res/images/9aea053cc8a732a87b10c5c787cf1161/powerup-tile-slack.png]
[d2k1ftgv7pobq7.cloudfront.net/meta/u/res/images/716f8f1cb7e965fe963733ad5f80326c/marketing-slack.jpg]
[d2k1ftgv7pobq7.cloudfront.net/meta/u/res/images/cab456b40310bf8daab9cac82c75b217/powerup-tile-drive.png]
[d2k1ftgv7pobq7.cloudfront.net/meta/u/res/images/a8a6ec67b5becfca15d3bf5fa361a174/marketing-drive.jpg]
[d2k1ftgv7pobq7.cloudfront.net/meta/u/res/images/4f5bf029ae0db052926009b80dfd8c47/powerup-tile-calendar.png]
[d2k1ftgv7pobq7.cloudfront.net/meta/u/res/images/3d4f4d6b0710671067efb8121b946d6b/marketing-calendar.jpg]
[d2k1ftgv7pobq7.cloudfront.net/meta/u/res/images/a72ee207f8fcc24446684eb48f9e2028/powerup-tile-evernote.png]
[d2k1ftgv7pobq7.cloudfront.net/meta/u/res/images/aada59f136f5acb4720952378e588bc9/marketing-evernote.jpg]
[d2k1ftgv7pobq7.cloudfront.net/meta/u/res/images/a9cdf4edc7bbf2354a45c25ea15bfe17/powerup-tile-mailchimp.png]
[d2k1ftgv7pobq7.cloudfront.net/meta/u/res/images/91822fc8d955f07b69a374cde038928e/marketing-mailchimp.jpg]
[blog.trello.com/hs-fs/hubfs/trello_editorial_calendar_3.png]
[blog.trello.com/hs-fs/hubfs/Imported_Blog_Media/event_planner-1024x513.png]
[blog.trello.com/hs-fs/hubfs/Imported_Blog_Media/okr_buffer-1024x512.jpg]
[trello.com/teams/marketing.html]
[trello.com/loginef78.html]
[d2k1ftgv7pobq7.cloudfront.net/meta/u/res/images/c04fbeb669cc00c22c61347d855ec623/playbooks-boardtile-design.png]
[trello.com/signupef78.html]
[d2k1ftgv7pobq7.cloudfront.net/meta/u/res/images/5c5e98a3bccec618828bc7f34abb42d0/design-team.jpg]
[trello.com/b/MYlOLaSK/product-design-team-sample.html]
[d2k1ftgv7pobq7.cloudfront.net/meta/u/res/images/a239d9b358a4bc2becbb0af2d6a4baf7/design-sprint.jpg]
[trello.com/b/6NanhvtF/design-sprint.html]
[d2k1ftgv7pobq7.cloudfront.net/meta/u/res/images/6110466dcf454eb0594f5196d7adf100/design-mvp.jpg]
[trello.com/b/R6DSCtsw/building-an-mvp-barker.html]
[d2k1ftgv7pobq7.cloudfront.net/meta/u/res/images/9516bebc126b11335689e97dbe98bee1/design-requests.jpg]
[d2k1ftgv7pobq7.cloudfront.net/meta/u/res/images/b7992d132e3c9e9899d3f90493815930/design-huddle.jpg]
[trello.com/b/RWHpWQWv/design-requests-sample.html]
[trello.com/b/enj0WUid/huddlessample.html]
[d2k1ftgv7pobq7.cloudfront.net/meta/u/res/images/1fb77db40d4dd2c6f9277a5bc3b5a5b6/power-up-tile-dropbox.png]
[d2k1ftgv7pobq7.cloudfront.net/meta/u/res/images/be0436b9969017fec3cc2e1cbec3ea3c/design-dropbox.jpg]
[d2k1ftgv7pobq7.cloudfront.net/meta/u/res/images/b07e4cfc01a5502bb44b5ddd8d1ed939/power-up-tile-invision.png]
[d2k1ftgv7pobq7.cloudfront.net/meta/u/res/images/206c1f782acccc1c8a33f91602b5a9fc/design-invision.png]
[d2k1ftgv7pobq7.cloudfront.net/meta/u/res/images/d18ec366f93b89f2891affc242eaa1ad/power-up-tile-figma.png]
[d2k1ftgv7pobq7.cloudfront.net/meta/u/res/images/64c95fc3c5743de0d56dcb90a1bc8b55/design-figma.png]
[d2k1ftgv7pobq7.cloudfront.net/meta/u/res/images/9aed92528f8d66495b458cb24b6957df/power-up-tile-zeplin.png]
[d2k1ftgv7pobq7.cloudfront.net/meta/u/res/images/f995447a2bf280748f01c0aa96f91620/design-zeplin.png]
[d2k1ftgv7pobq7.cloudfront.net/meta/u/res/images/b42bd7afb711476b72050af1d6c4b4ce/design-marker.png]
[d2k1ftgv7pobq7.cloudfront.net/meta/u/res/images/ac3e1fc600c39aef3b40f28882fdc7bc/design-resource-board-blog.png]
[d2k1ftgv7pobq7.cloudfront.net/meta/u/res/images/9cc8cd270c1d1060fa58f7d9fc2f1dad/design-mvp-blog.png]
[d2k1ftgv7pobq7.cloudfront.net/meta/u/res/images/d996a15d96c2c92f6835be140c6b568a/design-inspiration-blog.png]
[d2k1ftgv7pobq7.cloudfront.net/meta/u/res/images/f65b5867f407ae55d0d6d2db17a30797/design-nachos-blog.png]
[trello.com/teams/design.html]
[trello.com/logina18c.html]
[d2k1ftgv7pobq7.cloudfront.net/meta/u/res/images/b7875cfa4043a56a539eb171deab0f2f/playbooks_boardtile_sales.png]
[trello.com/signupa18c.html]
[d2k1ftgv7pobq7.cloudfront.net/meta/u/res/images/0d585bf98ad8fa91bc9a26f3e4621781/sales-leadnurturing.png]
[trello.com/b/lrAIa0JW/sales-crm-pipeline.html]
[d2k1ftgv7pobq7.cloudfront.net/meta/u/res/images/07e253de7b99f4602a249ae321e3c560/sales-contractreview.png]
[trello.com/b/DAXLAluv/contract-review.html]
[d2k1ftgv7pobq7.cloudfront.net/meta/u/res/images/ff78e84305f6685c90364fa102bbbf35/sales-customeronboarding.png]
[trello.com/b/2gUieAwh/customer-onboarding.html]
[d2k1ftgv7pobq7.cloudfront.net/meta/u/res/images/aeee5a1f76f86c6081c9b611f7bb23ac/sales-managerequests.png]
[trello.com/b/51WsEhtE/feature-requests.html]
[d2k1ftgv7pobq7.cloudfront.net/meta/u/res/images/8406a9f8227563f1b379e1a85c36b37b/sales-share-resources.png]
[trello.com/b/EAnzdYGO/sales-team-resources.html]
[d2k1ftgv7pobq7.cloudfront.net/meta/u/res/images/83d280be13fac85fa5a9430bd7415477/powerup-tile-salesforce.png]
[d2k1ftgv7pobq7.cloudfront.net/meta/u/res/images/966c03ebf305238b085f6f6088f5d786/sales-salesforce-shot.png]
[d2k1ftgv7pobq7.cloudfront.net/meta/u/res/images/e35590e3ce7d148afe05c5ab84d465f5/sales-drive-shot.png]
[d2k1ftgv7pobq7.cloudfront.net/meta/u/res/images/6f1657047c9f1100d5d726f496232847/sales-cf-shot.png]
[d2k1ftgv7pobq7.cloudfront.net/meta/u/res/images/58bbd07a3afcd2c23cbd5bbb16d8f278/sales-slack-shot.png]
[d2k1ftgv7pobq7.cloudfront.net/meta/u/res/images/028f93c4e6d0fab41b190c901732e5e3/sales-calendar-shot.png]
[blog.trello.com/hs-fs/hubfs/Imported_Blog_Media/sales_teamse902.jpg]
[blog.trello.com/hs-fs/hubfs/Imported_Blog_Media/sales_legal_feature-1024x512c5a2.jpg]
[blog.trello.com/hs-fs/hubfs/Imported_Blog_Media/customer_feedback_feature-1024x5122819.png]
[trello.com/teams/sales.html]
[trello.com/logina83e.html]
[d2k1ftgv7pobq7.cloudfront.net/meta/u/res/images/411dfdfddea814d95db34fa10824d890/playbooks_boardtile_productmanagers.png]
[trello.com/signupa83e.html]
[d2k1ftgv7pobq7.cloudfront.net/meta/u/res/images/b88a11d35cfb5652c4e16fad720c1500/pm-productroadmap.png]
[d2k1ftgv7pobq7.cloudfront.net/meta/u/res/images/2c5ac9b1d8c5a49c8518b4cf2790dc3e/pm-sprintboard.png]
[d2k1ftgv7pobq7.cloudfront.net/meta/u/res/images/f6640f62f723e4c1c400b8a9ff4c9b3c/pm-sprintretrospectives.png]
[trello.com/b/hkaQsLWx/sprint-retrospectives.html]
[d2k1ftgv7pobq7.cloudfront.net/meta/u/res/images/313721fca9e6d5692fff25fe25435d21/pm-projectoverview.png]
[trello.com/b/ZT9nrFqa/project-overview-new-user-experience.html]
[d2k1ftgv7pobq7.cloudfront.net/meta/u/res/images/95add53cfbf19558372d144706488d52/pm-featurerequests.png]
[trello.com/b/jXiWAmTC/feature-requests.html]
[d2k1ftgv7pobq7.cloudfront.net/meta/u/res/images/6b54db6613525f42bef155af933317a5/pm-slack.jpg]
[d2k1ftgv7pobq7.cloudfront.net/meta/u/res/images/73f0f6765c6afbe5882388c5b337cfba/pm-drive.jpg]
[d2k1ftgv7pobq7.cloudfront.net/meta/u/res/images/c2a9f6de2418de736539c36630d073c4/pm-github.jpg]
[d2k1ftgv7pobq7.cloudfront.net/meta/u/res/images/a6c392000a3c9127b79c6c8e8c6ab596/pm-calendar.jpg]
[d2k1ftgv7pobq7.cloudfront.net/meta/u/res/images/f7881fc382adf9f6012b53cabc720b21/powerup-tile-corrello.png]
[d2k1ftgv7pobq7.cloudfront.net/meta/u/res/images/4046a039ba7f32a790ffe89e985d9ee1/pm-corrello.jpg]
[blog.trello.com/hs-fs/hubfs/Imported_Blog_Media/leading_header.jpg]
[trello.com/teams/product.html]
[trello.com/login7933.html]
[d2k1ftgv7pobq7.cloudfront.net/meta/u/res/images/28d2c1c30d44b2ea8386e9f58e5812e0/playbooks_boardtile_support.png]
[trello.com/signup7933.html]
[d2k1ftgv7pobq7.cloudfront.net/meta/u/res/images/069e26c58250161cfacfe34a6e5941f9/support-bugreports.png]
[d2k1ftgv7pobq7.cloudfront.net/meta/u/res/images/c672109e1753e2c56ea42daf6d4acb29/support-responsibilities.png]
[trello.com/b/OQUrT8tA/team-responsibilities.html]
[d2k1ftgv7pobq7.cloudfront.net/meta/u/res/images/f5f61bb79294fbe3a4ff84e7eef8e9c9/support-planning.png]
[trello.com/b/wszdaep2/support-planning.html]
[d2k1ftgv7pobq7.cloudfront.net/meta/u/res/images/f5b6d18640465011aacfa546589d5241/support-swagrequests.png]
[trello.com/b/RXzNQvGE/swag-requests.html]
[d2k1ftgv7pobq7.cloudfront.net/meta/u/res/images/53a14cd05aaf67cc73e57ba3a35e4179/support-zendesk.jpg]
[d2k1ftgv7pobq7.cloudfront.net/meta/u/res/images/47ce39289772c2b2090077ccdbc94398/powerup-tile-intercom.png]
[d2k1ftgv7pobq7.cloudfront.net/meta/u/res/images/75c1fb2adf128a41a15b69488df9ab50/support-intercom.jpg]
[d2k1ftgv7pobq7.cloudfront.net/meta/u/res/images/079d8dabd8f4d914bc95cf895f213280/powerup-tile-twitter.png]
[d2k1ftgv7pobq7.cloudfront.net/meta/u/res/images/ddb10cb443420751f0678d7324ce7cfe/support-twitter.jpg]
[d2k1ftgv7pobq7.cloudfront.net/meta/u/res/images/4762888ce35d0a60bfbb106566f27458/support-customfields.jpg]
[d2k1ftgv7pobq7.cloudfront.net/meta/u/res/images/8870b5da5050fb22ac701a04f3656578/powerup-tile-packagetracker.png]
[d2k1ftgv7pobq7.cloudfront.net/meta/u/res/images/6603aa7f1d176916aecbfa41b66a26e1/support-package.jpg]
[blog.trello.com/hs-fs/hubfs/Imported_Blog_Media/customer_feedback_feature-1024x512.png]
[blog.trello.com/hs-fs/hubfs/Imported_Blog_Media/in_defense_of_tiny_data-1024x474.jpg]
[blog.trello.com/hs-fs/hubfs/Imported_Blog_Media/Screen-Shot-2016-09-12-at-4_32_39-PM-1024x487.png]
[trello.com/teams/support.html]
[trello.com/logine3aa.html]
[d2k1ftgv7pobq7.cloudfront.net/meta/u/res/images/1400dc75dd1361942d5de98a1e0736ea/playbooks_boardtile_hr.png]
[trello.com/signupe3aa.html]
[d2k1ftgv7pobq7.cloudfront.net/meta/u/res/images/1a2ec07ab66c24b4e395f141fc76b2d1/hr-newhire.png]
[trello.com/b/j6XndBYs/new-hire-onboarding.html]
[d2k1ftgv7pobq7.cloudfront.net/meta/u/res/images/e8d48d4a290230801bf78ccb0508e695/hr-employeemanual.png]
[trello.com/b/HbTEX5hb/employee-manual-sample-board.html]
[d2k1ftgv7pobq7.cloudfront.net/meta/u/res/images/0a6d405274fc330f2982bb2cbfaf2d1f/hr-recruitinpipeline.png]
[trello.com/b/uGtv1gr7/recruiting-pipeline.html]
[d2k1ftgv7pobq7.cloudfront.net/meta/u/res/images/24639a8bff2a481add1b88e6937419f2/hr-interviewpipeline.png]
[trello.com/b/UQqGyNFG/interview-pipeline.html]
[d2k1ftgv7pobq7.cloudfront.net/meta/u/res/images/4a56222f89902cb9003a5ec2513bf35b/hr-teambuilding.png]
[trello.com/b/boCFEV6f/team-building.html]
[d2k1ftgv7pobq7.cloudfront.net/meta/u/res/images/2cd7f649a84856f54ca49d6178ef1dc7/hr-googledrive.jpg]
[d2k1ftgv7pobq7.cloudfront.net/meta/u/res/images/b375771aa96de87e4c58bc7bcfd67e6b/hr-slack.jpg]
[d2k1ftgv7pobq7.cloudfront.net/meta/u/res/images/633f6f4af6e624bca5a62ef88f7de4ba/hr-calendar.jpg]
[d2k1ftgv7pobq7.cloudfront.net/meta/u/res/images/3f60a203fedc7eee1c806dca2c3c9a29/powerup-tile-appearin.png]
[d2k1ftgv7pobq7.cloudfront.net/meta/u/res/images/155c11d3318998e062755a8e3348590e/hr-appearin.jpg]
[d2k1ftgv7pobq7.cloudfront.net/meta/u/res/images/815e873cea1dde247435c2bc1d04a6d2/powerup-tile-surveymonkey.png]
[d2k1ftgv7pobq7.cloudfront.net/meta/u/res/images/95f27c19ad3e5c46f271dd32b6efe476/hr-surveymonkey.jpg]
[blog.trello.com/hs-fs/hubfs/Imported_Blog_Media/Screen-Shot-2015-07-14-at-10_11_28-AM-640x356.png]
[blog.trello.com/hs-fs/hubfs/Imported_Blog_Media/typeform_feature-1024x512.jpg]
[blog.trello.com/hs-fs/hubfs/Imported_Blog_Media/employee_manual_feature-1.jpg]
[trello.com/teams/humanresources.html]
[trello.com/logind9d2.html]
[d2k1ftgv7pobq7.cloudfront.net/meta/u/res/images/6916bcff13761ea690888f992f74a8d8/playbooks_boardtile_remoteteams.png]
[d2k1ftgv7pobq7.cloudfront.net/meta/u/res/images/6ab9f20ad8027ef90650405b94dcd713/team-meeting.jpg]
[trello.com/signupd9d2.html]
[trello.com/b/lYdxML7x/weekly-team-meetings.html]
[d2k1ftgv7pobq7.cloudfront.net/meta/u/res/images/f266231755cba00fdd6be732aee74b49/team-hub.jpg]
[trello.com/b/E4uILULn/team-hub.html]
[d2k1ftgv7pobq7.cloudfront.net/meta/u/res/images/24bfed2ebd1f635fb8a6a821c1bb3523/team-bonding.jpg]
[trello.com/b/s1mqXsyv/remote-team-bonding-board.html]
[d2k1ftgv7pobq7.cloudfront.net/meta/u/res/images/324d6f7fadb1d215a5c918944a914293/team-mrrogers.jpg]
[trello.com/b/Y5Mt4p2E/mr-rogers-sample.html]
[d2k1ftgv7pobq7.cloudfront.net/meta/u/res/images/67c7f6909b47b6dcad3dc03dc69cf1c8/team-brainstorming.jpg]
[trello.com/b/fs1wCJ9r/brainstorming-board.html]
[d2k1ftgv7pobq7.cloudfront.net/meta/u/res/images/fdf3f9e0412027a7db7b793e8ae2d289/ebook-download-btn.png]
[d2k1ftgv7pobq7.cloudfront.net/meta/u/res/images/6f887ff0b9e75f64581c093d4a63fd8f/team-slack.jpg]
[d2k1ftgv7pobq7.cloudfront.net/meta/u/res/images/e310654b4737952669eecb22e2404718/team-appearin.jpg]
[d2k1ftgv7pobq7.cloudfront.net/meta/u/res/images/ac67b0284cd383947c9c8b7a6274e222/team-drive.jpg]
[d2k1ftgv7pobq7.cloudfront.net/meta/u/res/images/a08fc333c3331b6adb74bc07f62ed2ed/powerup-tile-planyway.jpg]
[d2k1ftgv7pobq7.cloudfront.net/meta/u/res/images/1e55a07949e1aa6cb2da638afeb81c54/team-planyway.jpg]
[d2k1ftgv7pobq7.cloudfront.net/meta/u/res/images/da85987645599be0596afcae2c04fd81/powerup-tile-confluence.jpg]
[d2k1ftgv7pobq7.cloudfront.net/meta/u/res/images/3a701611e1ea87f0e93310b3c24d09f9/team-confluence.jpg]
[d2k1ftgv7pobq7.cloudfront.net/meta/u/res/images/d6b67b40d062b25ae9200ed8aa2c1ed7/team-mistakes.png]
[d2k1ftgv7pobq7.cloudfront.net/meta/u/res/images/d6c7657f2cb5360d5de8adaa75e28161/team-communication.png]
[d2k1ftgv7pobq7.cloudfront.net/meta/u/res/images/06ce6dc2b5245a736c67bee6d470a10f/team-misconceptions.png]
[trello.com/teams/remote-team-management.html]
[trello.com/loginbd63.html]
[d2k1ftgv7pobq7.cloudfront.net/meta/u/res/images/c57e1a6bdc116c0de9c2775b203d9c5d/playbooks_boardtile_startups.png]
[trello.com/signupbd63.html]
[d2k1ftgv7pobq7.cloudfront.net/meta/u/res/images/a2b8d56793583cf84783a06dfe467273/startup-company.jpg]
[trello.com/b/IviOyryM/company-overview.html]
[d2k1ftgv7pobq7.cloudfront.net/meta/u/res/images/7a3ce17e9324a8d32efb103fad9dc97a/startup-sprint.jpg]
[trello.com/b/ZqN99gGN/sprint-board.html]
[d2k1ftgv7pobq7.cloudfront.net/meta/u/res/images/d3fa842b4f25c2b7a5466723910cb5b3/startup-onboarding.jpg]
[d2k1ftgv7pobq7.cloudfront.net/meta/u/res/images/e4275f374a83a038c21f841850c972ab/startup-crm.jpg]
[d2k1ftgv7pobq7.cloudfront.net/meta/u/res/images/2913c4fdc4debc86f59b1068a75a7106/startup-office.jpg]
[trello.com/b/YFaB7wdG/office-management.html]
[d2k1ftgv7pobq7.cloudfront.net/meta/u/res/images/ac67b0284cd383947c9c8b7a6274e222/startup-drive.jpg]
[d2k1ftgv7pobq7.cloudfront.net/meta/u/res/images/6f887ff0b9e75f64581c093d4a63fd8f/startup-slack.jpg]
[d2k1ftgv7pobq7.cloudfront.net/meta/u/res/images/5d690a1d7b1ba8f9055b0691e90e4e3e/startup-custom.jpg]
[d2k1ftgv7pobq7.cloudfront.net/meta/u/res/images/4ed10dae3fd8d57191de9a3227069365/startup-calendar.jpg]
[d2k1ftgv7pobq7.cloudfront.net/meta/u/res/images/c643d25fd31563d9f7a4765ac37c7326/power-up-tile-bitbucket.png]
[d2k1ftgv7pobq7.cloudfront.net/meta/u/res/images/7169dae653bb83596bd4983f727fafc2/startup-bitbucket.jpg]
[d2k1ftgv7pobq7.cloudfront.net/meta/u/res/images/97ff09cc05cc35a92467bb5bedec2f26/startup-entrepreneur.png]
[d2k1ftgv7pobq7.cloudfront.net/meta/u/res/images/bdd7a6b7003ea80216a8f5962e3a51e8/startup-okr.jpg]
[d2k1ftgv7pobq7.cloudfront.net/meta/u/res/images/4e4f1fc08dc1147be39df04bc9b63e5e/startup-gtm.png]
[trello.com/teams/startups.html]
[trello.com/login5d6e.html]
[d2k1ftgv7pobq7.cloudfront.net/meta/u/res/images/cd631972a86e4301c4f90a9435dd7ed3/playbooks_boardtile_productivity.png]
[trello.com/signup5d6e.html]
[d2k1ftgv7pobq7.cloudfront.net/meta/u/res/images/1a5bc0321aa9abc45e6841a6221d7dfb/productivity-mise.png]
[trello.com/b/Q7CGZVWi/mise-en-place-personal-productivity-system.html]
[d2k1ftgv7pobq7.cloudfront.net/meta/u/res/images/c507679c8495c43b4a0b342745a2c7ab/productivity-eisenhower.jpg]
[trello.com/b/CXVefGzw/to-dos-eisenhower-matrix-style.html]
[d2k1ftgv7pobq7.cloudfront.net/meta/u/res/images/54cd7f92b0d11ab76b2ae0fc35dd9687/productivity-weekly.jpg]
[trello.com/b/O3xTMwoI/weekly-to-dos-review-process.html]
[d2k1ftgv7pobq7.cloudfront.net/meta/u/res/images/eab29a4cdcf67cb981a2ae3ca484bdc1/productivity-mind.jpg]
[trello.com/b/569EqOay/mind-mapping-technique.html]
[trello.com/power-ups/55a5d917446f517774210011/calendar.html]
[d2k1ftgv7pobq7.cloudfront.net/meta/u/res/images/db8ad232f3e16863450bc657153eb520/productivity-calendar.jpg]
[d2k1ftgv7pobq7.cloudfront.net/meta/u/res/images/bf6a2d5d2f43ec79ba9d3c16c0445304/power-up-tile-snooze.png]
[trello.com/power-ups/58dd18bdccfca7af8311792e/card-snooze.html]
[d2k1ftgv7pobq7.cloudfront.net/meta/u/res/images/4af0c2163ab7682ea40a120bb149cb72/productivity-snooze.jpg]
[d2k1ftgv7pobq7.cloudfront.net/meta/u/res/images/2b2e9c6f3e96e3ad370d9b0b2a928565/powerup-tile-repeater.png]
[trello.com/power-ups/57b47fb862d25a30298459b1/card-repeater.html]
[d2k1ftgv7pobq7.cloudfront.net/meta/u/res/images/ffaab9254db1385e75e656db92546403/productivity-repeater.jpg]
[trello.com/power-ups/55a5d915446f517774210003/evernote.html]
[d2k1ftgv7pobq7.cloudfront.net/meta/u/res/images/15e9befcb6ea2afec1eead3ef1354355/productivity-evernote.jpg]
[d2k1ftgv7pobq7.cloudfront.net/meta/u/res/images/eb9c643e87d0b2e73d66436427aa396c/power-up-tile-butler.png]
[trello.com/power-ups/5935cab6b26816f9d49fd814/butler.html]
[d2k1ftgv7pobq7.cloudfront.net/meta/u/res/images/3ad35d3ed26adff5d76bd8cc6604bfe1/productivity-butler.png]
[d2k1ftgv7pobq7.cloudfront.net/meta/u/res/images/07e4cf4d5b7c84ca4dfc76e731832026/productivity-worklifeblog.png]
[d2k1ftgv7pobq7.cloudfront.net/meta/u/res/images/daec7d2861921bd9b34fae756f25f678/productivity-eisenhowerblog.jpg]
[d2k1ftgv7pobq7.cloudfront.net/meta/u/res/images/531adcea9a1b68bc88465749f69ea1d8/productivity-personalblog.png]
[d2k1ftgv7pobq7.cloudfront.net/meta/u/res/images/3604946c93442e8a293a780e61f755df/productivity-journalblog.png]
[trello.com/teams/personal-productivity.html]
[trello.com/login2220.html]
[d2k1ftgv7pobq7.cloudfront.net/meta/u/res/images/7a84409accce2b5255bcb0ed1253206f/playbooks_boardtile_home.png]
[trello.com/signup2220.html]
[d2k1ftgv7pobq7.cloudfront.net/meta/u/res/images/f48edd5cfe9d786bfd56f2d45926e778/home-vacation.jpg]
[trello.com/b/bwqhSNSh/vacation-planning.html]
[d2k1ftgv7pobq7.cloudfront.net/meta/u/res/images/a9ded0f1aa7f3bfeb8fe8f2b2e52b071/home-party.jpg]
[trello.com/b/v5sRYGdh/connors-8th-birthday-bash.html]
[d2k1ftgv7pobq7.cloudfront.net/meta/u/res/images/06929eec5c8d23923b71d2c94be0daf1/home-meal.jpg]
[trello.com/b/yCgLRjHj/brians-meal-planning-board.html]
[d2k1ftgv7pobq7.cloudfront.net/meta/u/res/images/7d34833b2e82b9c7f6705a42d4a97fea/home-kitchen.jpg]
[trello.com/b/4Y0idQQT/kitchen-project.html]
[d2k1ftgv7pobq7.cloudfront.net/meta/u/res/images/29e4736d009638a8229f5fbfc59e978f/home-chores.jpg]
[trello.com/b/wqQ40ir4/household-chores.html]
[d2k1ftgv7pobq7.cloudfront.net/meta/u/res/images/7f27c9e22d0cba84cdae47bfc3801230/home-calendar.jpg]
[d2k1ftgv7pobq7.cloudfront.net/meta/u/res/images/340cd0d724111b2436ffe6e52c4c45a3/home-package.jpg]
[d2k1ftgv7pobq7.cloudfront.net/meta/u/res/images/be3867651cb4625d7fa35584529a49ef/powerup-tile-costello.png]
[d2k1ftgv7pobq7.cloudfront.net/meta/u/res/images/93c74f3e4a00165701bbd4e4ba375b5d/home-costello.jpg]
[d2k1ftgv7pobq7.cloudfront.net/meta/u/res/images/040a05751a871b9638c89e637d204188/home-repeater.jpg]
[d2k1ftgv7pobq7.cloudfront.net/meta/u/res/images/1cc93f3920054887e56972825a33b3bc/home-evernote.jpg]
[d2k1ftgv7pobq7.cloudfront.net/meta/u/res/images/f184c0398946eb59d0eeb724a194447f/home-sage-blog.png]
[d2k1ftgv7pobq7.cloudfront.net/meta/u/res/images/33032093d17ea687d850a1c19c9d7f08/home-meal-blog.jpg]
[d2k1ftgv7pobq7.cloudfront.net/meta/u/res/images/f9abc7979f87d2be454798ef2c146239/home-move-blog.png]
[d2k1ftgv7pobq7.cloudfront.net/meta/u/res/images/5d58967d4ced500390886eddbe420478/home-vacation-blog.jpg]
[trello.com/teams/home.html]
[trello.com/logina352.html]
[d2k1ftgv7pobq7.cloudfront.net/meta/u/res/images/d7b1253243a75ec9b5159249f78676d2/playbooks_boardtile_wedding.png]
[trello.com/signupa352.html]
[d2k1ftgv7pobq7.cloudfront.net/meta/u/res/images/05a3e601b8c6af305c7503130d4b8ba6/weddings-planning.jpg]
[trello.com/b/JeOMdNMH/wedding-planning.html]
[d2k1ftgv7pobq7.cloudfront.net/meta/u/res/images/4c75318a33db6817a7dbe4ca8f2cc93a/weddings-timeline.jpg]
[trello.com/b/lHRaeSZ7/wedding-day-timeline.html]
[d2k1ftgv7pobq7.cloudfront.net/meta/u/res/images/b964d5a1839a8f47aa3306d2dd166953/weddings-bridalparty.jpg]
[trello.com/b/wFECC39M/wedding-bridesmaid-board.html]
[d2k1ftgv7pobq7.cloudfront.net/meta/u/res/images/13d5326a795b9ff93f0ad0a2f736d735/weddings-seating.jpg]
[trello.com/b/kw7E5XeZ/wedding-seating-arrangement.html]
[d2k1ftgv7pobq7.cloudfront.net/meta/u/res/images/9d2847d0351f39b0ab81999a0664b34c/weddings-thankyou.jpg]
[trello.com/b/IuoxVMY1/wedding-thank-you-cards.html]
[d2k1ftgv7pobq7.cloudfront.net/meta/u/res/images/273233599c614e9ac8fbc9eff2cdbdef/weddings-calendar.png]
[d2k1ftgv7pobq7.cloudfront.net/meta/u/res/images/fdb202a06766f758721c356d42fc99dc/weddings-costello.png]
[d2k1ftgv7pobq7.cloudfront.net/meta/u/res/images/5584b33c40679b8529b59a8fd81ab20a/weddings-package.png]
[d2k1ftgv7pobq7.cloudfront.net/meta/u/res/images/534952a0b46fff307655ba754fa59c19/weddings-drive.png]
[d2k1ftgv7pobq7.cloudfront.net/meta/u/res/images/84eb222f6552d47bfd685b90a3b30f19/weddings-custom.png]
[d2k1ftgv7pobq7.cloudfront.net/meta/u/res/images/82b6f93774c490620602b2639f8db9c9/weddings-sayyesblog.jpg]
[d2k1ftgv7pobq7.cloudfront.net/meta/u/res/images/a59db307dc9ea464c099d2eecf54bbdd/weddings-eventblog.png]
[d2k1ftgv7pobq7.cloudfront.net/meta/u/res/images/7acc0f3918790def1496857509c89104/weddings-calblog.jpg]
[trello.com/teams/wedding-planning.html]
[trello.com/login1dd7.html]
[d2k1ftgv7pobq7.cloudfront.net/meta/u/res/images/b28d107be5f8142d8d4cec4d3faa1918/guide-header-graphic.png]
[trello.com/signup1dd7.html]
[d2k1ftgv7pobq7.cloudfront.net/meta/u/res/images/7712b396301cdcf686f8ff3aaf216ba0/trello-101-graphic.png]
[d2k1ftgv7pobq7.cloudfront.net/meta/u/res/images/b805bfa26fc4ba4f9c2acb6c346abb1d/create-a-board-graphic.png]
[trello.com/guide/create-a-board.html]
[d2k1ftgv7pobq7.cloudfront.net/meta/u/res/images/cb45b5d9eb6177ceee6ca55a63f30dbc/feature-deep-dive-graphic.png]
[trello.com/guide/feature-deep-dive.html]
[trello.com/guide/trello-101.html]
[d2k1ftgv7pobq7.cloudfront.net/meta/u/res/images/23d814af5ec27cf61d6a05386c676967/power-up-productivity.png]
[trello.com/guide/power-up-productivity.html]
[d2k1ftgv7pobq7.cloudfront.net/meta/u/res/images/2f1a2da3afcd86b857bc218dddcb7c4a/expand-your-use-of-trello-graphic.png]
[trello.com/guide/expand-your-use-of-trello.html]
[trello.com/guide/collaboration.html]
[d2k1ftgv7pobq7.cloudfront.net/meta/u/res/images/724a240bedadf2e7a01ba279f7ecb741/collaboration-graphic.png]
[trello.com/guide/create-a-team.html]
[d2k1ftgv7pobq7.cloudfront.net/meta/u/res/images/dfaa3ece6b60ab6eb802ee2b80839ab0/create-a-team-graphic.png]
[trello.com/guide/team-administration.html]
[d2k1ftgv7pobq7.cloudfront.net/meta/u/res/images/1a2e5bc53fca13108849583c434a3808/team-administration-graphic.png]
[trello.com/guide/pro-tips.html]
[d2k1ftgv7pobq7.cloudfront.net/meta/u/res/images/47a77cd33a2b0fdd28a52c984d2d3edb/pro-tips-graphic.png]
[trello.com/guide/how-to-leave-your-old-tools.html]
[d2k1ftgv7pobq7.cloudfront.net/meta/u/res/images/e612be4b49c363e8be8046fdc70dd6bd/how-to-leave-your-old-tools-graphic.png]
[d2k1ftgv7pobq7.cloudfront.net/meta/u/res/images/817f1cc5d67dc4c458fb76d155564a9d/world.png]
[d2k1ftgv7pobq7.cloudfront.net/meta/u/res/images/f8e3a53698444ab8fa09dfa62a078275/idea-wedding.png]
[d2k1ftgv7pobq7.cloudfront.net/meta/u/res/images/72516b74e0e6fbd58d4b5e6fada7a9df/idea-vacation.png]
[d2k1ftgv7pobq7.cloudfront.net/meta/u/res/images/887f534908d9421586c76999efa95f0d/idea-recipes.png]
[d2k1ftgv7pobq7.cloudfront.net/meta/u/res/images/04a074daf4ddbb101d94d9d837e70dcd/idea-job-search.png]
[d2k1ftgv7pobq7.cloudfront.net/meta/u/res/images/4f1ebcdc8b26dd70a0341311d26306a4/idea-proj-mgmt.png]
[d2k1ftgv7pobq7.cloudfront.net/meta/u/res/images/2ceaa47fd54ac1b7359859c60334eae0/idea-calendar.png]
[d2k1ftgv7pobq7.cloudfront.net/meta/u/res/images/fba429a08b5348186de106e8e7f6f43b/work.png]
[d2k1ftgv7pobq7.cloudfront.net/meta/u/res/images/1f52c16b45977366f089d274256d0e3d/business-class-burgerfi.png]
[d2k1ftgv7pobq7.cloudfront.net/meta/u/res/images/9972f1023087fe8733f7af288c5fe10d/business-class-deskplants.png]
[d2k1ftgv7pobq7.cloudfront.net/meta/u/res/images/329c1954a9f08526e6129bfb91f026cc/business-class-mccorvey.png]
[d2k1ftgv7pobq7.cloudfront.net/meta/u/res/images/83e3271dcf6326eff2e2038bd26ca75a/webinar-icon.png]
[trello.com/guide.html]
[d2k1ftgv7pobq7.cloudfront.net/meta/u/res/css/a11097b425acf2bb139c6c63bf57ccdb/new-bc.css]
[trello.com/select-team-to-upgrade.html]
[d2k1ftgv7pobq7.cloudfront.net/meta/u/res/css/fd92a04b1faca3e9a754c3c3ded5290c/enterprise-new.css]
[d2k1ftgv7pobq7.cloudfront.net/meta/u/res/images/8fcb0dfd7303d8cb6f2c75e8107ef4f5/illo-security.png]
[d2k1ftgv7pobq7.cloudfront.net/meta/u/res/images/dbc9a838dd2b2b7b1f3be787a9d599b6/illo-integrations.png]
[d2k1ftgv7pobq7.cloudfront.net/meta/u/res/images/a7cfb3108679daacc3a9bce4478077f1/guide-admin.png]
[trello.com/guide/enterprise/sysadmin.html]
[trello.com/guide/enterprise/enduser.html]
[d2k1ftgv7pobq7.cloudfront.net/meta/u/res/images/2df06e440f63a344b05316b77f979fdf/guide-user.png]
[d2k1ftgv7pobq7.cloudfront.net/meta/u/res/js/27c468d35cf8ac46ce3051643c942cad/js.cookie.js]
[d2k1ftgv7pobq7.cloudfront.net/meta/u/res/js/1424ff7b082b1dd6a787eeddc91338a6/pricing-calculator.js]
[d2k1ftgv7pobq7.cloudfront.net/meta/u/res/js/6159d1a3a7697e58625a21bfdf243ae9/util.js]
[d2k1ftgv7pobq7.cloudfront.net/meta/u/res/js/b17490611ea4ea2df3b42aa55b19da7d/modal.js]
[d2k1ftgv7pobq7.cloudfront.net/meta/u/res/js/145a653850f54cc9d63e949400cbe4e6/enterprise.js]
[d2k1ftgv7pobq7.cloudfront.net/meta/u/res/js/577c8dd3dab52c4cc39269c0093e2096/marketo-contact-form.js]
[trello.com/enterprise.html]
[d2k1ftgv7pobq7.cloudfront.net/meta/u/res/css/cd86153c57b75b1c1370c389e7d9e0b8/pricing.css]
[trello.com/login893e.html]
[trello.com/signup893e.html]
[trello.com/logindb00.html]
[trello.com/signupdb00.html]
[trello.com/about/branding.html]
[trello.com/jobs.html]
[fast.wistia.com/assets/external/E-v1.js]
[d2k1ftgv7pobq7.cloudfront.net/meta/u/res/js/debe37462027c4721a4c742029986b0c/bluebird.min.js]
[d2k1ftgv7pobq7.cloudfront.net/meta/u/res/js/cfe32e63c0dc7dced3300c77cdea9f48/underscore.min.js]
[app.launchdarkly.com/snippet/ldclient.min.js]
[trello.com/login4377.html]
[trello.com/signup4377.html]
[support-form-app.prod.atl-paas.net/js-app-shim.js]
[trello.com/login4333.html]
[trello.com/contact.html]
[d2k1ftgv7pobq7.cloudfront.net/meta/u/res/css/72af9996d851111651ffef89e0ac237b/main.css]
[d2k1ftgv7pobq7.cloudfront.net/meta/u/res/css/691302c9e878bf72700fd8bcbb2b325d/teams.css]
[trello.com/teams/GET.html]
[trello.com/login324f.html]
[trello.com/signup324f.html]
[trello.com/b/ZqN99gGN/agile-sprint-board.html]
[trello.com/b/DJkOiRrz/bug-reports.html]
[trello.com/b/JNM99zAE/site-reliability.html]
[trello.com/b/FrbAJsbH/product-roadmap.html]
[trello.com/b/hkaQsLWx/sprint-retrospective.html]
[s3-us-west-2.amazonaws.com/solvvy-ui/zd-deflection/v2/trello/prod/solvvy.plugin.js]
[d2k1ftgv7pobq7.cloudfront.net/meta/u/res/css/67b527d6f0144e5cc60abe744431c544/webinars.css]
[d2k1ftgv7pobq7.cloudfront.net/meta/u/res/images/94e1f9f874038fe26df04c7858517d65/peeps.png]
[d2k1ftgv7pobq7.cloudfront.net/meta/u/res/images/ab49723fca44948ff144d70d45f45224/brian-from-trello.png]
[trello.com/node_modules/axios/lib/axios.html]
[trello.com/node_modules/axios/lib/utils.html]
[trello.com/node_modules/axios/lib/core/settle.html]
[trello.com/node_modules/axios/lib/helpers/buildURL.html]
[trello.com/node_modules/axios/lib/helpers/parseHeaders.html]
[trello.com/node_modules/axios/lib/helpers/isURLSameOrigin.html]
[trello.com/node_modules/axios/lib/core/createError.html]
[trello.com/node_modules/axios/lib/helpers/cookies.html]
[trello.com/node_modules/axios/lib/helpers/bind.html]
[trello.com/node_modules/axios/lib/core/Axios.html]
[trello.com/node_modules/axios/lib/core/mergeConfig.html]
[trello.com/node_modules/axios/lib/defaults.html]
[trello.com/node_modules/axios/lib/cancel/Cancel.html]
[trello.com/node_modules/axios/lib/cancel/CancelToken.html]
[trello.com/node_modules/axios/lib/cancel/isCancel.html]
[trello.com/node_modules/axios/lib/helpers/spread.html]
[trello.com/node_modules/axios/lib/core/InterceptorManager.html]
[trello.com/node_modules/axios/lib/core/dispatchRequest.html]
[trello.com/node_modules/axios/lib/core/transformData.html]
[trello.com/node_modules/axios/lib/helpers/isAbsoluteURL.html]
[trello.com/node_modules/axios/lib/helpers/combineURLs.html]
[trello.com/node_modules/axios/lib/helpers/normalizeHeaderName.html]
[trello.com/node_modules/axios/lib/adapters/xhr.html]
[trello.com/node_modules/axios/lib/core/enhanceError.html]
[trello.com/node_modules/process/browser.html]
[trello.com/node_modules/is-buffer/index.html]
[trello.com/node_modules/lodash/cloneDeep.html]
[trello.com/node_modules/qs/lib/index.html]
[trello.com/node_modules/contentful-sdk-core/dist/es-modules/rate-limit.html]
[trello.com/spaces/index.html]
[trello.com/node_modules/contentful-sdk-core/dist/es-modules/utils.html]
[trello.com/node_modules/contentful-sdk-core/dist/es-modules/create-http-client.html]
[trello.com/node_modules/contentful-sdk-core/dist/es-modules/create-request-config.html]
[trello.com/node_modules/contentful-sdk-core/dist/es-modules/enforce-obj-path.html]
[trello.com/node_modules/contentful-sdk-core/dist/es-modules/freeze-sys.html]
[trello.com/node_modules/lodash/isPlainObject.html]
[trello.com/node_modules/contentful-sdk-core/dist/es-modules/get-user-agent.html]
[trello.com/node_modules/contentful-sdk-core/dist/es-modules/to-plain-object.html]
[trello.com/node_modules/core-js/modules/es6.array.find.html]
[trello.com/node_modules/core-js/modules/_core.html]
[trello.com/node_modules/core-js/modules/es6.string.iterator.html]
[trello.com/node_modules/core-js/modules/es6.array.from.html]
[trello.com/node_modules/core-js/modules/es6.object.assign.html]
[trello.com/node_modules/core-js/modules/es6.object.to-string.html]
[trello.com/node_modules/core-js/modules/web.dom.iterable.html]
[trello.com/node_modules/core-js/modules/es6.promise.html]
[trello.com/node_modules/core-js/modules/es7.promise.finally.html]
[trello.com/node_modules/core-js/modules/es7.promise.try.html]
[trello.com/node_modules/core-js/modules/es6.set.html]
[trello.com/node_modules/core-js/modules/es7.set.to-json.html]
[trello.com/node_modules/core-js/modules/es7.set.of.html]
[trello.com/node_modules/core-js/modules/es7.set.from.html]
[trello.com/node_modules/core-js/modules/_wks.html]
[trello.com/node_modules/core-js/modules/_hide.html]
[trello.com/node_modules/core-js/modules/_is-object.html]
[trello.com/node_modules/core-js/modules/_for-of.html]
[trello.com/node_modules/core-js/modules/_to-iobject.html]
[trello.com/node_modules/core-js/modules/_to-length.html]
[trello.com/node_modules/core-js/modules/_to-absolute-index.html]
[trello.com/node_modules/core-js/modules/_ctx.html]
[trello.com/node_modules/core-js/modules/_iobject.html]
[trello.com/node_modules/core-js/modules/_to-object.html]
[trello.com/node_modules/core-js/modules/_array-species-create.html]
[trello.com/node_modules/core-js/modules/_is-array.html]
[trello.com/node_modules/core-js/modules/_array-species-constructor.html]
[trello.com/node_modules/core-js/modules/_cof.html]
[trello.com/node_modules/core-js/modules/_object-dp.html]
[trello.com/node_modules/core-js/modules/_object-create.html]
[trello.com/node_modules/core-js/modules/_redefine-all.html]
[trello.com/node_modules/core-js/modules/_an-instance.html]
[trello.com/node_modules/core-js/modules/_iter-define.html]
[trello.com/node_modules/core-js/modules/_iter-step.html]
[trello.com/node_modules/core-js/modules/_set-species.html]
[trello.com/node_modules/core-js/modules/_descriptors.html]
[trello.com/node_modules/core-js/modules/_meta.html]
[trello.com/node_modules/core-js/modules/_validate-collection.html]
[trello.com/node_modules/core-js/modules/_classof.html]
[trello.com/node_modules/core-js/modules/_global.html]
[trello.com/node_modules/core-js/modules/_array-from-iterable.html]
[trello.com/node_modules/core-js/modules/_export.html]
[trello.com/node_modules/core-js/modules/_redefine.html]
[trello.com/node_modules/core-js/modules/_fails.html]
[trello.com/node_modules/core-js/modules/_inherit-if-required.html]
[trello.com/node_modules/core-js/modules/_iter-detect.html]
[trello.com/node_modules/core-js/modules/_set-to-string-tag.html]
[trello.com/node_modules/core-js/modules/_property-desc.html]
[trello.com/node_modules/core-js/modules/_a-function.html]
[trello.com/node_modules/core-js/modules/_iter-call.html]
[trello.com/node_modules/core-js/modules/_is-array-iter.html]
[trello.com/node_modules/core-js/modules/_an-object.html]
[trello.com/node_modules/core-js/modules/core.get-iterator-method.html]
[trello.com/node_modules/core-js/modules/_dom-create.html]
[trello.com/node_modules/core-js/modules/_set-proto.html]
[trello.com/node_modules/core-js/modules/_shared.html]
[trello.com/node_modules/core-js/modules/_iterators.html]
[trello.com/node_modules/core-js/modules/_library.html]
[trello.com/node_modules/core-js/modules/_iter-create.html]
[trello.com/node_modules/core-js/modules/_object-gpo.html]
[trello.com/node_modules/core-js/modules/_uid.html]
[trello.com/node_modules/core-js/modules/_task.html]
[trello.com/node_modules/core-js/modules/_object-keys.html]
[trello.com/node_modules/core-js/modules/_has.html]
[trello.com/node_modules/core-js/modules/_object-gops.html]
[trello.com/node_modules/core-js/modules/_object-pie.html]
[trello.com/node_modules/core-js/modules/_object-dps.html]
[trello.com/node_modules/core-js/modules/_enum-bug-keys.html]
[trello.com/node_modules/core-js/modules/_shared-key.html]
[trello.com/node_modules/core-js/modules/_html.html]
[trello.com/node_modules/core-js/modules/_ie8-dom-define.html]
[trello.com/node_modules/core-js/modules/_to-primitive.html]
[trello.com/node_modules/core-js/modules/_object-keys-internal.html]
[trello.com/node_modules/core-js/modules/_function-to-string.html]
[trello.com/node_modules/core-js/modules/_new-promise-capability.html]
[trello.com/node_modules/core-js/modules/_array-includes.html]
[trello.com/node_modules/core-js/modules/_object-gopd.html]
[trello.com/node_modules/core-js/modules/_to-integer.html]
[trello.com/node_modules/core-js/modules/_defined.html]
[trello.com/node_modules/core-js/modules/_invoke.html]
[trello.com/node_modules/core-js/modules/_array-methods.html]
[trello.com/node_modules/core-js/modules/_add-to-unscopables.html]
[trello.com/node_modules/core-js/modules/_create-property.html]
[trello.com/node_modules/core-js/modules/_object-assign.html]
[trello.com/node_modules/core-js/modules/_species-constructor.html]
[trello.com/node_modules/core-js/modules/_microtask.html]
[trello.com/node_modules/core-js/modules/_perform.html]
[trello.com/node_modules/core-js/modules/_user-agent.html]
[trello.com/node_modules/core-js/modules/_promise-resolve.html]
[trello.com/node_modules/core-js/modules/_collection.html]
[trello.com/node_modules/core-js/modules/_collection-strong.html]
[trello.com/node_modules/core-js/modules/_string-at.html]
[trello.com/node_modules/core-js/modules/_set-collection-from.html]
[trello.com/node_modules/core-js/modules/_set-collection-of.html]
[trello.com/node_modules/core-js/modules/_collection-to-json.html]
[trello.com/node_modules/core-js/modules/es6.array.iterator.html]
[trello.com/node_modules/lodash/_hashClear.html]
[trello.com/node_modules/lodash/_hashDelete.html]
[trello.com/node_modules/lodash/_hashHas.html]
[trello.com/node_modules/lodash/_hashSet.html]
[trello.com/node_modules/lodash/_listCacheClear.html]
[trello.com/node_modules/lodash/_listCacheDelete.html]
[trello.com/node_modules/lodash/_hashGet.html]
[trello.com/node_modules/lodash/_listCacheGet.html]
[trello.com/node_modules/lodash/_listCacheHas.html]
[trello.com/node_modules/lodash/_getNative.html]
[trello.com/node_modules/lodash/_root.html]
[trello.com/node_modules/lodash/_mapCacheClear.html]
[trello.com/node_modules/lodash/_listCacheSet.html]
[trello.com/node_modules/lodash/_mapCacheDelete.html]
[trello.com/node_modules/lodash/_mapCacheHas.html]
[trello.com/node_modules/lodash/_mapCacheSet.html]
[trello.com/node_modules/lodash/_mapCacheGet.html]
[trello.com/node_modules/lodash/_ListCache.html]
[trello.com/node_modules/lodash/_stackClear.html]
[trello.com/node_modules/lodash/_stackDelete.html]
[trello.com/node_modules/lodash/_stackGet.html]
[trello.com/node_modules/lodash/_stackHas.html]
[trello.com/node_modules/lodash/_baseAssignValue.html]
[trello.com/node_modules/lodash/_stackSet.html]
[trello.com/node_modules/lodash/_copyObject.html]
[trello.com/node_modules/lodash/eq.html]
[trello.com/node_modules/lodash/keys.html]
[trello.com/node_modules/lodash/keysIn.html]
[trello.com/node_modules/lodash/_defineProperty.html]
[trello.com/node_modules/lodash/_Stack.html]
[trello.com/node_modules/lodash/_arrayEach.html]
[trello.com/node_modules/lodash/_assignValue.html]
[trello.com/node_modules/lodash/_baseAssign.html]
[trello.com/node_modules/lodash/_baseAssignIn.html]
[trello.com/node_modules/lodash/_cloneBuffer.html]
[trello.com/node_modules/lodash/_copyArray.html]
[trello.com/node_modules/lodash/_copySymbols.html]
[trello.com/node_modules/lodash/_copySymbolsIn.html]
[trello.com/node_modules/lodash/_getAllKeys.html]
[trello.com/node_modules/lodash/_getAllKeysIn.html]
[trello.com/node_modules/lodash/_getTag.html]
[trello.com/node_modules/lodash/_initCloneArray.html]
[trello.com/node_modules/lodash/_initCloneByTag.html]
[trello.com/node_modules/lodash/_initCloneObject.html]
[trello.com/node_modules/lodash/isArray.html]
[trello.com/node_modules/lodash/isBuffer.html]
[trello.com/node_modules/lodash/isMap.html]
[trello.com/node_modules/lodash/isObject.html]
[trello.com/node_modules/lodash/isSet.html]
[trello.com/node_modules/webpack/buildin/module.html]
[trello.com/node_modules/lodash/_getSymbols.html]
[trello.com/node_modules/lodash/_getSymbolsIn.html]
[trello.com/node_modules/webpack/buildin/global.html]
[trello.com/node_modules/lodash/_overArg.html]
[trello.com/node_modules/lodash/_isKeyable.html]
[trello.com/node_modules/lodash/_nativeCreate.html]
[trello.com/node_modules/lodash/_baseCreate.html]
[trello.com/node_modules/lodash/_getPrototype.html]
[trello.com/node_modules/lodash/_isPrototype.html]
[trello.com/node_modules/lodash/_assocIndexOf.html]
[trello.com/node_modules/lodash/_Hash.html]
[trello.com/node_modules/lodash/_Map.html]
[trello.com/node_modules/lodash/_getMapData.html]
[trello.com/node_modules/lodash/_freeGlobal.html]
[trello.com/node_modules/lodash/_MapCache.html]
[trello.com/node_modules/lodash/_baseClone.html]
[trello.com/node_modules/lodash/_baseGetTag.html]
[trello.com/node_modules/lodash/isObjectLike.html]
[trello.com/node_modules/qs/lib/stringify.html]
[trello.com/node_modules/qs/lib/parse.html]
[trello.com/node_modules/qs/lib/formats.html]
[trello.com/node_modules/qs/lib/utils.html]
[trello.com/node_modules/axios/index.html]
[trello.com/node_modules/contentful-sdk-core/index.es-modules.html]
[trello.com/create-contentful-api.html]
[trello.com/create-global-options.html]
[trello.com/entities/index.html]
[trello.com/paged-sync.html]
[trello.com/mixins/stringify-safe.html]
[trello.com/node_modules/contentful-resolve-response/dist/esm/index.html]
[trello.com/entities/space.html]
[trello.com/entities/entry.html]
[trello.com/entities/asset.html]
[trello.com/entities/content-type.html]
[trello.com/entities/locale.html]
[trello.com/node_modules/json-stringify-safe/stringify.html]
[trello.com/node_modules/core-js/fn/promise.html]
[trello.com/node_modules/core-js/fn/object/assign.html]
[trello.com/node_modules/core-js/fn/array/from.html]
[trello.com/node_modules/core-js/fn/array/find.html]
[trello.com/node_modules/core-js/fn/set.html]
[trello.com/webinars.html]
[trello.com/contentful.html]
[d2k1ftgv7pobq7.cloudfront.net/meta/u/res/css/1339b0627b8250f880e90d8ffdd5e519/trello-for-teams.css]
[trello.com/login1265.html]
[trello.com/signup1265.html]
[trello.com/login0474.html]
[trello.com/signup0474.html]
[trello.com/b/UQk1wa4a/editorial-calendar.html]
[trello.com/b/VoJQd9UF/marketing-overview.html]
[trello.com/b/OUj5xYZN/event-planning.html]
[trello.com/b/n0VLHw5j/incoming-requests.html]
[trello.com/b/oC0r5y4V/product-launch.html]
[trello.com/loginef78.html]
[d2k1ftgv7pobq7.cloudfront.net/meta/u/res/images/eef4581af2747730d88fb41f26796309/dev-marker.jpg]
[trello.com/signupef78.html]
[trello.com/b/MYlOLaSK/product-design-team-sample.html]
[trello.com/b/6NanhvtF/design-sprint.html]
[trello.com/b/R6DSCtsw/building-an-mvp-barker.html]
[trello.com/b/RWHpWQWv/design-requests-sample.html]
[trello.com/b/enj0WUid/huddlessample.html]
[trello.com/logina18c.html]
[trello.com/signupa18c.html]
[trello.com/b/lrAIa0JW/sales-crm-pipeline.html]
[trello.com/b/DAXLAluv/contract-review.html]
[trello.com/b/2gUieAwh/customer-onboarding.html]
[trello.com/b/51WsEhtE/feature-requests.html]
[trello.com/b/EAnzdYGO/sales-team-resources.html]
[trello.com/logina83e.html]
[trello.com/signupa83e.html]
[trello.com/b/hkaQsLWx/sprint-retrospectives.html]
[trello.com/b/ZT9nrFqa/project-overview-new-user-experience.html]
[trello.com/b/jXiWAmTC/feature-requests.html]
[trello.com/login7933.html]
[trello.com/signup7933.html]
[trello.com/b/OQUrT8tA/team-responsibilities.html]
[trello.com/b/wszdaep2/support-planning.html]
[trello.com/b/RXzNQvGE/swag-requests.html]
[trello.com/logine3aa.html]
[trello.com/signupe3aa.html]
[trello.com/b/j6XndBYs/new-hire-onboarding.html]
[trello.com/b/HbTEX5hb/employee-manual-sample-board.html]
[trello.com/b/uGtv1gr7/recruiting-pipeline.html]
[trello.com/b/UQqGyNFG/interview-pipeline.html]
[trello.com/b/boCFEV6f/team-building.html]
[trello.com/logind9d2.html]
[trello.com/signupd9d2.html]
[trello.com/b/lYdxML7x/weekly-team-meetings.html]
[trello.com/b/E4uILULn/team-hub.html]
[trello.com/b/s1mqXsyv/remote-team-bonding-board.html]
[trello.com/b/Y5Mt4p2E/mr-rogers-sample.html]
[trello.com/b/fs1wCJ9r/brainstorming-board.html]
[trello.com/loginbd63.html]
[trello.com/signupbd63.html]
[trello.com/b/IviOyryM/company-overview.html]
[trello.com/b/ZqN99gGN/sprint-board.html]
[trello.com/b/YFaB7wdG/office-management.html]
[trello.com/login5d6e.html]
[trello.com/signup5d6e.html]
[trello.com/b/Q7CGZVWi/mise-en-place-personal-productivity-system.html]
[trello.com/b/CXVefGzw/to-dos-eisenhower-matrix-style.html]
[trello.com/b/O3xTMwoI/weekly-to-dos-review-process.html]
[trello.com/b/569EqOay/mind-mapping-technique.html]
[trello.com/power-ups/55a5d917446f517774210011/calendar.html]
[trello.com/power-ups/58dd18bdccfca7af8311792e/card-snooze.html]
[trello.com/power-ups/57b47fb862d25a30298459b1/card-repeater.html]
[trello.com/power-ups/55a5d915446f517774210003/evernote.html]
[trello.com/power-ups/5935cab6b26816f9d49fd814/butler.html]
[trello.com/login2220.html]
[trello.com/signup2220.html]
[trello.com/b/bwqhSNSh/vacation-planning.html]
[trello.com/b/v5sRYGdh/connors-8th-birthday-bash.html]
[trello.com/b/yCgLRjHj/brians-meal-planning-board.html]
[trello.com/b/4Y0idQQT/kitchen-project.html]
[trello.com/b/wqQ40ir4/household-chores.html]
[trello.com/logina352.html]
[trello.com/signupa352.html]
[trello.com/b/JeOMdNMH/wedding-planning.html]
[trello.com/b/lHRaeSZ7/wedding-day-timeline.html]
[trello.com/b/wFECC39M/wedding-bridesmaid-board.html]
[trello.com/b/kw7E5XeZ/wedding-seating-arrangement.html]
[trello.com/b/IuoxVMY1/wedding-thank-you-cards.html]
[trello.com/login1dd7.html]
[trello.com/signup1dd7.html]
[d2k1ftgv7pobq7.cloudfront.net/meta/u/res/images/9752219b70c2242f6ae971e59f681c2d/tile-organize.jpg]
[trello.com/guide/GET.html]
[trello.com/login2a39.html]
[trello.com/signup2a39.html]
[d2k1ftgv7pobq7.cloudfront.net/meta/u/res/images/trello-101/9dc6346b2707d44d566dd48096414085/01.png]
[trello.com/guide/enterprise.html]
[trello.com/b/1Jz6SorC/the-dev-board22d4.html]
[trello.com/b/ocCuiDQ4/hawaii-vacation22d4.html]
[d2k1ftgv7pobq7.cloudfront.net/meta/u/res/images/trello-101/601f28994df3d5a508df5af209d301a0/02.png]
[d2k1ftgv7pobq7.cloudfront.net/meta/u/res/images/trello-101/77a6e49f565bf09ac540a3fd69427e94/03.jpg]
[d2k1ftgv7pobq7.cloudfront.net/meta/u/res/images/trello-101/64bea64f2eb50aef1a5fef937384f824/04.png]
[trello.com/power-ups22d4.html]
[d2k1ftgv7pobq7.cloudfront.net/meta/u/res/images/df5869602e2bb91d3d7e6c67b86c601c/guide-book.png]
[trello.com/inspiration.html]
[trello.com/guide/trello-102.html]
[trello.com/guide/create-a-board-2.html]
[trello.com/guide/feature-deep-dive-2.html]
[trello.com/guide/power-up-productivity-2.html]
[trello.com/guide/expand-your-use-of-trello-2.html]
[trello.com/guide/collaboration-2.html]
[trello.com/guide/create-a-team-2.html]
[trello.com/guide/team-administration-2.html]
[trello.com/guide/pro-tips-2.html]
[trello.com/guide/trello-101.html]
[trello.com/guide/how-to-leave-your-old-tools-2.html]
[trello.com/logind313.html]
[d2k1ftgv7pobq7.cloudfront.net/meta/u/res/images/create-a-board/2a6cc1bc24e782bb4dd4de4c3120054d/01.png]
[trello.com/signupd313.html]
[d2k1ftgv7pobq7.cloudfront.net/meta/u/res/images/create-a-board/bfae5bbb01ba1324a2be6152fca15198/02.png]
[d2k1ftgv7pobq7.cloudfront.net/meta/u/res/images/create-a-board/d02ca32a4217c7fa57886ce35104f844/03.gif]
[trello.com/b/HbTEX5hb/employee-manual.html]
[d2k1ftgv7pobq7.cloudfront.net/meta/u/res/images/create-a-board/dd6c2e011421f9437cddb65fffae53ae/04.jpg]
[d2k1ftgv7pobq7.cloudfront.net/meta/u/res/images/create-a-board/8ceeaeec8fbac1c0154f15415e10ed4b/05.gif]
[d2k1ftgv7pobq7.cloudfront.net/meta/u/res/images/create-a-board/8f2112c068e809486e9ace6c820afbd9/06.jpg]
[d2k1ftgv7pobq7.cloudfront.net/meta/u/res/images/create-a-board/e01e34b7a217860e7d52aff61b745564/07.png]
[trello.com/guide/create-a-board.html]
[trello.com/loginea3e.html]
[d2k1ftgv7pobq7.cloudfront.net/meta/u/res/images/feature-deep-dive/c3fb85eecc34d978eca643bc2582024b/01.png]
[trello.com/signupea3e.html]
[d2k1ftgv7pobq7.cloudfront.net/meta/u/res/images/feature-deep-dive/0a00b48bd34c8a3b9523f7f04e270604/02.png]
[d2k1ftgv7pobq7.cloudfront.net/meta/u/res/images/feature-deep-dive/dd5104da0832c83118ed7cc898afb5fe/03.jpg]
[d2k1ftgv7pobq7.cloudfront.net/meta/u/res/images/feature-deep-dive/2f9f0deb4897fa634b98702099df8142/04.png]
[d2k1ftgv7pobq7.cloudfront.net/meta/u/res/images/feature-deep-dive/5c3ce715b6e4c87e467ee09d6e084d25/05.jpg]
[d2k1ftgv7pobq7.cloudfront.net/meta/u/res/images/feature-deep-dive/db2428eb8edec9ce954c3f372825e3df/06.jpg]
[d2k1ftgv7pobq7.cloudfront.net/meta/u/res/images/feature-deep-dive/d19fbc48c4ce0e65dc8553285f5cbdeb/07.gif]
[d2k1ftgv7pobq7.cloudfront.net/meta/u/res/images/feature-deep-dive/ac36a71c785e41268638b0858d2d0fcf/08.jpg]
[trello.com/guide/feature-deep-dive.html]
[trello.com/loginc79f.html]
[trello.com/signupc79f.html]
[trello.com/power-ups/55a5d917446f51777421000a/slack21ed.html]
[trello.com/power-ups/588a331cc86ffbe08f5d2c67/bitbucket-cloud21ed.html]
[trello.com/power-ups/55a5d917446f517774210009/salesforce21ed.html]
[trello.com/power-ups/55a5d916446f517774210006/google-drive21ed.html]
[trello.com/power-ups21ed.html]
[trello.com/power-ups/56d5e249a98895a9797bebb9/custom-fields21ed.html]
[trello.com/power-ups/57b47fb862d25a30298459b1/card-repeater21ed.html]
[trello.com/power-ups/55a5d917446f517774210011/calendar21ed.html]
[d2k1ftgv7pobq7.cloudfront.net/meta/u/res/images/b76c77c0649ff9ce5dd92af6c1efb442/power-up-addpower-up.gif]
[trello.com/business-class21ed.html]
[trello.com/enterprise21ed.html]
[d2k1ftgv7pobq7.cloudfront.net/meta/u/res/images/222e6efdbce85748cd9349610b3bf8b8/power-up-editorial-cal.jpg]
[trello.com/power-ups/55a5d915446f517774210003/evernote21ed.html]
[d2k1ftgv7pobq7.cloudfront.net/meta/u/res/images/417c87bcec5705d9efdb57a153715614/power-up-sales-crm.jpg]
[trello.com/power-ups/5940440775fbe327abd3329f/onedrive21ed.html]
[d2k1ftgv7pobq7.cloudfront.net/meta/u/res/images/9f959b5e61e5eeb390557553670e5454/power-up-design.jpg]
[trello.com/power-ups/596f2cb2d279152540b2bb31/invision&utm_medium=power-up productvitiy.html]
[trello.com/teams21ed.html]
[d2k1ftgv7pobq7.cloudfront.net/meta/u/res/images/1b06c40ee3f93d8b4dd38ecea609658b/power-up-zapier.jpg]
[trello.com/power-ups/55a5d915446f517774210002/dropbox21ed.html]
[d2k1ftgv7pobq7.cloudfront.net/meta/u/res/images/978404f6f721ec9df16af10cb2b83ff2/power-up-integrations.jpg]
[trello.com/guide/power-up-productivity.html]
[trello.com/integrations.html]
[trello.com/power-ups/55a5d915446f517774210000/appear-in21ed.html]
[d2k1ftgv7pobq7.cloudfront.net/meta/u/res/images/expand-your-use-of-trello/7cca754dd349c32af0e028ee3794b795/01.jpg]
[d2k1ftgv7pobq7.cloudfront.net/meta/u/res/images/expand-your-use-of-trello/fdc2b00e97e706b444034562b6bfca93/02.jpg]
[trello.com/signup4f4d.html]
[trello.com/login4f4d.html]
[d2k1ftgv7pobq7.cloudfront.net/meta/u/res/images/expand-your-use-of-trello/cbf075a4ce1b49d7cd5da61c6307a97d/03.jpg]
[d2k1ftgv7pobq7.cloudfront.net/meta/u/res/images/expand-your-use-of-trello/c4b1db58e1ac8952233661059c43438a/04.jpg]
[d2k1ftgv7pobq7.cloudfront.net/meta/u/res/images/expand-your-use-of-trello/d2e9647296b74737504858b3dc6727c0/05.jpg]
[d2k1ftgv7pobq7.cloudfront.net/meta/u/res/images/expand-your-use-of-trello/7495c2e0af470172d377a2b2f25c68ad/06.jpg]
[d2k1ftgv7pobq7.cloudfront.net/meta/u/res/images/expand-your-use-of-trello/31c3715e4bdbc2577222d4fc603af1f8/07.jpg]
[d2k1ftgv7pobq7.cloudfront.net/meta/u/res/images/expand-your-use-of-trello/05c7dd0fef119f6a03adb6c6613db3f8/08.jpg]
[d2k1ftgv7pobq7.cloudfront.net/meta/u/res/images/expand-your-use-of-trello/58f22b3be638977635c780a43cf64830/09.jpg]
[d2k1ftgv7pobq7.cloudfront.net/meta/u/res/images/expand-your-use-of-trello/ff922919c84c741bf3854f4815a87f4b/10.jpg]
[trello.com/guide/expand-your-use-of-trello.html]
[trello.com/login2e42.html]
[d2k1ftgv7pobq7.cloudfront.net/meta/u/res/images/collaboration/7f7244d7e73ac94b5f5146447bf0d0fa/01.jpg]
[d2k1ftgv7pobq7.cloudfront.net/meta/u/res/images/collaboration/a83239bc4baae6619853ae52fb56dabd/02.jpg]
[d2k1ftgv7pobq7.cloudfront.net/meta/u/res/images/collaboration/68601ff9e74739d6e8800ae40df27d5b/03.gif]
[d2k1ftgv7pobq7.cloudfront.net/meta/u/res/images/collaboration/cb3be9a3627fe017d22ffb04e4519bfc/04.png]
[d2k1ftgv7pobq7.cloudfront.net/meta/u/res/images/collaboration/f6bdd6a46ac5d06e6bf9be7f7cf15a8a/05.jpg]
[d2k1ftgv7pobq7.cloudfront.net/meta/u/res/images/collaboration/a0f1a94c199e854bf14b41dc12c9a50c/06.jpg]
[trello.com/guide/collaboration.html]
[trello.com/signup2e42.html]
[d2k1ftgv7pobq7.cloudfront.net/meta/u/res/images/create-a-team/282f870d684c23845eabecd830a641f1/01.jpg]
[trello.com/signupca5c.html]
[d2k1ftgv7pobq7.cloudfront.net/meta/u/res/images/create-a-team/4ba40f42469d733c81a4b50221976c74/02.png]
[trello.com/loginca5c.html]
[d2k1ftgv7pobq7.cloudfront.net/meta/u/res/images/create-a-team/e01e34b7a217860e7d52aff61b745564/03.png]
[trello.com/guide/create-a-team.html]
[trello.com/platforms/slack.html]
[trello.com/login9eb0.html]
[trello.com/signup9eb0.html]
[d2k1ftgv7pobq7.cloudfront.net/meta/u/res/images/team-administration/41bb90813ec770a4663b02d5478638bf/01.jpg]
[trello.com/platforms/slackdc1b.html]
[d2k1ftgv7pobq7.cloudfront.net/meta/u/res/images/team-administration/c4a64dd439805c7b6757f982d424f941/02.jpg]
[d2k1ftgv7pobq7.cloudfront.net/meta/u/res/images/team-administration/3b09639aebbcdef1e4367ad959d5b17d/03.jpg]
[trello.com/business-classdc1b.html]
[d2k1ftgv7pobq7.cloudfront.net/meta/u/res/images/team-administration/a7c271f932a9befd16fe20b11a84507c/04.png]
[d2k1ftgv7pobq7.cloudfront.net/meta/u/res/images/team-administration/1b7efb79fe7db67406806a07a9e6505c/05.jpg]
[trello.com/b/lGQZunS7/company-overview.html]
[trello.com/b/K0ZOiQ7U/town-hall-meetings.html]
[trello.com/b/ezWgKsol/sales-enterprise-feature-requests-sample.html]
[d2k1ftgv7pobq7.cloudfront.net/meta/u/res/images/team-administration/73a34ac55e8bb36233fb05577ba10c69/06.png]
[d2k1ftgv7pobq7.cloudfront.net/meta/u/res/images/team-administration/7222e1b75fad8917f434b64ce1772cf1/07.jpg]
[trello.com/guide/team-administration.html]
[trello.com/logine3f6.html]
[d2k1ftgv7pobq7.cloudfront.net/meta/u/res/images/pro-tips/6780b7bb8c43b6383fc7b6ca26a07536/01.gif]
[d2k1ftgv7pobq7.cloudfront.net/meta/u/res/images/pro-tips/5024a9235c206cc1794425e1f920826a/02.gif]
[trello.com/signupe3f6.html]
[d2k1ftgv7pobq7.cloudfront.net/meta/u/res/images/pro-tips/56f92c370147b5abe6977f70da379135/03.jpg]
[d2k1ftgv7pobq7.cloudfront.net/meta/u/res/images/pro-tips/e69eaa9fa5d11ccd37b66ddc12ddaa22/04.jpg]
[d2k1ftgv7pobq7.cloudfront.net/meta/u/res/images/pro-tips/a24b285215ea14643dbda802032d8ba7/05.gif]
[d2k1ftgv7pobq7.cloudfront.net/meta/u/res/images/pro-tips/788ff5db16676b2dde3907b82ea14f3f/06.jpg]
[d2k1ftgv7pobq7.cloudfront.net/meta/u/res/images/pro-tips/51247a49de2ef9ed63266e600ab7b8cc/07.gif]
[trello.com/your/cards.html]
[d2k1ftgv7pobq7.cloudfront.net/meta/u/res/images/pro-tips/34ad5841d98de8e19753a5ad66f37549/08.jpg]
[trello.com/business-class1016.html]
[trello.com/enterprise1016.html]
[trello.com/gold1016.html]
[trello.com/guide/pro-tips.html]
[trello.com/b/QtjSVKOf/the-ultimate-board-of-trello-tips-tricks.html]
[trello.com/loginadaa.html]
[trello.com/signupadaa.html]
[d2k1ftgv7pobq7.cloudfront.net/meta/u/res/images/how-to-leave-your-old-tools/4d91c7ddc426c7aca6585114c3d71ad3/01.png]
[d2k1ftgv7pobq7.cloudfront.net/meta/u/res/images/how-to-leave-your-old-tools/0335b60b11998d557cecec517de776a1/02.jpg]
[trello.com/guide/how-to-leave-your-old-tools.html]
[d2k1ftgv7pobq7.cloudfront.net/meta/u/res/css/fd92a04b1faca3e9a754c3c3ded5290c/enterprise-new.css]
[d2k1ftgv7pobq7.cloudfront.net/meta/u/res/css/6173f24c18d2fbf62fc24e5703c509dc/guide-enterprise.css]
[d2k1ftgv7pobq7.cloudfront.net/meta/u/res/css/583307596ea5973b1efefef4f3e830c2/featherlight.min.css]
[trello.com/guide/enterprise/GET.html]
[d2k1ftgv7pobq7.cloudfront.net/meta/u/res/images/sysadmin/c54f1a2091d1eb3e762311b3225adeea/sysadmin-1.jpg]
[d2k1ftgv7pobq7.cloudfront.net/meta/u/res/images/sysadmin/6e0b1336e8185144363702a287627b6e/sysadmin-2.jpg]
[d2k1ftgv7pobq7.cloudfront.net/meta/u/res/images/sysadmin/560c05952c059adc9f7155efc1f60c87/sysadmin-3.jpg]
[trello.com/sso-configuration.html]
[d2k1ftgv7pobq7.cloudfront.net/meta/u/res/images/sysadmin/1a35424193e3839e486d42f80a519fba/Trello_SSO_Banner.png]
[d2k1ftgv7pobq7.cloudfront.net/meta/u/res/images/sysadmin/2887c3e1e6d1122daea305909bf5421c/Trello_Email.png]
[d2k1ftgv7pobq7.cloudfront.net/meta/u/res/images/sysadmin/98de6ba670cda776f548ab3710a66bd6/Enterprise_Wide_Permissions.png]
[stackpath.bootstrapcdn.com/bootstrap/4.3.1/js/bootstrap.min.js]
[d2k1ftgv7pobq7.cloudfront.net/meta/u/res/js/0191a1f355dc6565b3d5884c9776e5e8/guide-enterprise.js]
[d2k1ftgv7pobq7.cloudfront.net/meta/u/res/js/95c3114a0dc269fbb99b3c08b64e21e7/featherlight.min.js]
[trello.com/guide/enterprise/sysadmin.html]
[d2k1ftgv7pobq7.cloudfront.net/meta/u/res/images/enduser/de6931ee492594d554a739fd07fd904a/convert-enterprise2.png]
[d2k1ftgv7pobq7.cloudfront.net/meta/u/res/images/enduser/5cb2b3a2b239002082c256b2df4c4712/SSO3.png]
[trello.com/b/1x4Uql2u/project-management.html]
[trello.com/b/ANpOpyQQ/team-organization-central.html]
[trello.com/b/ry8F0DOb/team-goal-setting-central.html]
[trello.com/b/GDz7Wd53/weekly-team-meetings.html]
[d2k1ftgv7pobq7.cloudfront.net/meta/u/res/images/enduser/99c36b79e9d1a78a97dc675a907c41b4/Power-Up_Right_Hand_Menu.png]
[d2k1ftgv7pobq7.cloudfront.net/meta/u/res/images/enduser/00147e6855c171386f8fe091b2773145/Power-Up_Directory_In_Board.png]
[trello.com/guide/enterprise/enduser.html]
[trello.com/login4377.html]
[trello.com/signup4377.html]
[trello.com/login4333.html]
[d2k1ftgv7pobq7.cloudfront.net/meta/u/res/css/67b527d6f0144e5cc60abe744431c544/webinars.css]
[trello.com/node_modules/axios/lib/axios.html]
[trello.com/node_modules/axios/lib/utils.html]
[trello.com/node_modules/axios/lib/core/settle.html]
[trello.com/node_modules/axios/lib/helpers/buildURL.html]
[trello.com/node_modules/axios/lib/helpers/parseHeaders.html]
[trello.com/node_modules/axios/lib/helpers/isURLSameOrigin.html]
[trello.com/node_modules/axios/lib/core/createError.html]
[trello.com/node_modules/axios/lib/helpers/cookies.html]
[trello.com/node_modules/axios/lib/helpers/bind.html]
[trello.com/node_modules/axios/lib/core/Axios.html]
[trello.com/node_modules/axios/lib/core/mergeConfig.html]
[trello.com/node_modules/axios/lib/defaults.html]
[trello.com/node_modules/axios/lib/cancel/Cancel.html]
[trello.com/node_modules/axios/lib/cancel/CancelToken.html]
[trello.com/node_modules/axios/lib/cancel/isCancel.html]
[trello.com/node_modules/axios/lib/helpers/spread.html]
[trello.com/node_modules/axios/lib/core/InterceptorManager.html]
[trello.com/node_modules/axios/lib/core/dispatchRequest.html]
[trello.com/node_modules/axios/lib/core/enhanceError.html]
[trello.com/node_modules/axios/lib/core/transformData.html]
[trello.com/node_modules/axios/lib/helpers/isAbsoluteURL.html]
[trello.com/node_modules/axios/lib/helpers/combineURLs.html]
[trello.com/node_modules/axios/lib/helpers/normalizeHeaderName.html]
[trello.com/node_modules/axios/lib/adapters/xhr.html]
[trello.com/node_modules/process/browser.html]
[trello.com/node_modules/is-buffer/index.html]
[trello.com/node_modules/lodash/cloneDeep.html]
[trello.com/spaces/index.html]
[trello.com/node_modules/qs/lib/index.html]
[trello.com/node_modules/contentful-sdk-core/dist/es-modules/rate-limit.html]
[trello.com/node_modules/contentful-sdk-core/dist/es-modules/utils.html]
[trello.com/node_modules/lodash/isPlainObject.html]
[trello.com/node_modules/contentful-sdk-core/dist/es-modules/create-http-client.html]
[trello.com/node_modules/contentful-sdk-core/dist/es-modules/create-request-config.html]
[trello.com/node_modules/contentful-sdk-core/dist/es-modules/enforce-obj-path.html]
[trello.com/node_modules/contentful-sdk-core/dist/es-modules/freeze-sys.html]
[trello.com/node_modules/contentful-sdk-core/dist/es-modules/get-user-agent.html]
[trello.com/node_modules/contentful-sdk-core/dist/es-modules/to-plain-object.html]
[trello.com/node_modules/core-js/modules/es6.array.find.html]
[trello.com/node_modules/core-js/modules/_core.html]
[trello.com/node_modules/core-js/modules/es6.string.iterator.html]
[trello.com/node_modules/core-js/modules/es6.array.from.html]
[trello.com/node_modules/core-js/modules/es6.object.assign.html]
[trello.com/node_modules/core-js/modules/es6.object.to-string.html]
[trello.com/node_modules/core-js/modules/web.dom.iterable.html]
[trello.com/node_modules/core-js/modules/es6.promise.html]
[trello.com/node_modules/core-js/modules/es7.promise.finally.html]
[trello.com/node_modules/core-js/modules/es7.promise.try.html]
[trello.com/node_modules/core-js/modules/es6.set.html]
[trello.com/node_modules/core-js/modules/es7.set.to-json.html]
[trello.com/node_modules/core-js/modules/es7.set.of.html]
[trello.com/node_modules/core-js/modules/es7.set.from.html]
[trello.com/node_modules/core-js/modules/_wks.html]
[trello.com/node_modules/core-js/modules/_hide.html]
[trello.com/node_modules/core-js/modules/_is-object.html]
[trello.com/node_modules/core-js/modules/_for-of.html]
[trello.com/node_modules/core-js/modules/_to-iobject.html]
[trello.com/node_modules/core-js/modules/_to-length.html]
[trello.com/node_modules/core-js/modules/_to-absolute-index.html]
[trello.com/node_modules/core-js/modules/_ctx.html]
[trello.com/node_modules/core-js/modules/_iobject.html]
[trello.com/node_modules/core-js/modules/_to-object.html]
[trello.com/node_modules/core-js/modules/_array-species-create.html]
[trello.com/node_modules/core-js/modules/_is-array.html]
[trello.com/node_modules/core-js/modules/_array-species-constructor.html]
[trello.com/node_modules/core-js/modules/_cof.html]
[trello.com/node_modules/core-js/modules/_object-dp.html]
[trello.com/node_modules/core-js/modules/_object-create.html]
[trello.com/node_modules/core-js/modules/_redefine-all.html]
[trello.com/node_modules/core-js/modules/_an-instance.html]
[trello.com/node_modules/core-js/modules/_iter-define.html]
[trello.com/node_modules/core-js/modules/_iter-step.html]
[trello.com/node_modules/core-js/modules/_set-species.html]
[trello.com/node_modules/core-js/modules/_descriptors.html]
[trello.com/node_modules/core-js/modules/_meta.html]
[trello.com/node_modules/core-js/modules/_validate-collection.html]
[trello.com/node_modules/core-js/modules/_classof.html]
[trello.com/node_modules/core-js/modules/_array-from-iterable.html]
[trello.com/node_modules/core-js/modules/_global.html]
[trello.com/node_modules/core-js/modules/_export.html]
[trello.com/node_modules/core-js/modules/_redefine.html]
[trello.com/node_modules/core-js/modules/_fails.html]
[trello.com/node_modules/core-js/modules/_iter-detect.html]
[trello.com/node_modules/core-js/modules/_set-to-string-tag.html]
[trello.com/node_modules/core-js/modules/_inherit-if-required.html]
[trello.com/node_modules/core-js/modules/_property-desc.html]
[trello.com/node_modules/core-js/modules/_a-function.html]
[trello.com/node_modules/core-js/modules/_iter-call.html]
[trello.com/node_modules/core-js/modules/_is-array-iter.html]
[trello.com/node_modules/core-js/modules/_an-object.html]
[trello.com/node_modules/core-js/modules/core.get-iterator-method.html]
[trello.com/node_modules/core-js/modules/_shared.html]
[trello.com/node_modules/core-js/modules/_dom-create.html]
[trello.com/node_modules/core-js/modules/_set-proto.html]
[trello.com/node_modules/core-js/modules/_iterators.html]
[trello.com/node_modules/core-js/modules/_library.html]
[trello.com/node_modules/core-js/modules/_iter-create.html]
[trello.com/node_modules/core-js/modules/_object-gpo.html]
[trello.com/node_modules/core-js/modules/_uid.html]
[trello.com/node_modules/core-js/modules/_has.html]
[trello.com/node_modules/core-js/modules/_task.html]
[trello.com/node_modules/core-js/modules/_object-keys.html]
[trello.com/node_modules/core-js/modules/_object-gops.html]
[trello.com/node_modules/core-js/modules/_object-pie.html]
[trello.com/node_modules/core-js/modules/_object-dps.html]
[trello.com/node_modules/core-js/modules/_enum-bug-keys.html]
[trello.com/node_modules/core-js/modules/_shared-key.html]
[trello.com/node_modules/core-js/modules/_html.html]
[trello.com/node_modules/core-js/modules/_ie8-dom-define.html]
[trello.com/node_modules/core-js/modules/_to-primitive.html]
[trello.com/node_modules/core-js/modules/_array-includes.html]
[trello.com/node_modules/core-js/modules/_object-keys-internal.html]
[trello.com/node_modules/core-js/modules/_new-promise-capability.html]
[trello.com/node_modules/core-js/modules/_function-to-string.html]
[trello.com/node_modules/core-js/modules/_object-gopd.html]
[trello.com/node_modules/core-js/modules/_to-integer.html]
[trello.com/node_modules/core-js/modules/_defined.html]
[trello.com/node_modules/core-js/modules/_invoke.html]
[trello.com/node_modules/core-js/modules/_array-methods.html]
[trello.com/node_modules/core-js/modules/_add-to-unscopables.html]
[trello.com/node_modules/core-js/modules/_create-property.html]
[trello.com/node_modules/core-js/modules/_object-assign.html]
[trello.com/node_modules/core-js/modules/_species-constructor.html]
[trello.com/node_modules/core-js/modules/_microtask.html]
[trello.com/node_modules/core-js/modules/_perform.html]
[trello.com/node_modules/core-js/modules/_user-agent.html]
[trello.com/node_modules/core-js/modules/_promise-resolve.html]
[trello.com/node_modules/core-js/modules/_collection-strong.html]
[trello.com/node_modules/core-js/modules/_collection.html]
[trello.com/node_modules/core-js/modules/_string-at.html]
[trello.com/node_modules/core-js/modules/_set-collection-from.html]
[trello.com/node_modules/core-js/modules/_set-collection-of.html]
[trello.com/node_modules/core-js/modules/_collection-to-json.html]
[trello.com/node_modules/core-js/modules/es6.array.iterator.html]
[trello.com/node_modules/lodash/_hashClear.html]
[trello.com/node_modules/lodash/_hashDelete.html]
[trello.com/node_modules/lodash/_hashGet.html]
[trello.com/node_modules/lodash/_hashHas.html]
[trello.com/node_modules/lodash/_hashSet.html]
[trello.com/node_modules/lodash/_listCacheClear.html]
[trello.com/node_modules/lodash/_listCacheDelete.html]
[trello.com/node_modules/lodash/_listCacheGet.html]
[trello.com/node_modules/lodash/_listCacheHas.html]
[trello.com/node_modules/lodash/_listCacheSet.html]
[trello.com/node_modules/lodash/_getNative.html]
[trello.com/node_modules/lodash/_root.html]
[trello.com/node_modules/lodash/_mapCacheClear.html]
[trello.com/node_modules/lodash/_mapCacheDelete.html]
[trello.com/node_modules/lodash/_mapCacheGet.html]
[trello.com/node_modules/lodash/_mapCacheHas.html]
[trello.com/node_modules/lodash/_mapCacheSet.html]
[trello.com/node_modules/lodash/_ListCache.html]
[trello.com/node_modules/lodash/_stackClear.html]
[trello.com/node_modules/lodash/_stackDelete.html]
[trello.com/node_modules/lodash/_stackGet.html]
[trello.com/node_modules/lodash/_stackHas.html]
[trello.com/node_modules/lodash/_stackSet.html]
[trello.com/node_modules/lodash/_baseAssignValue.html]
[trello.com/node_modules/lodash/eq.html]
[trello.com/node_modules/lodash/_copyObject.html]
[trello.com/node_modules/lodash/keys.html]
[trello.com/node_modules/lodash/keysIn.html]
[trello.com/node_modules/lodash/_defineProperty.html]
[trello.com/node_modules/lodash/_Stack.html]
[trello.com/node_modules/lodash/_arrayEach.html]
[trello.com/node_modules/lodash/_assignValue.html]
[trello.com/node_modules/lodash/_baseAssign.html]
[trello.com/node_modules/lodash/_baseAssignIn.html]
[trello.com/node_modules/lodash/_cloneBuffer.html]
[trello.com/node_modules/lodash/_copyArray.html]
[trello.com/node_modules/lodash/_copySymbols.html]
[trello.com/node_modules/lodash/_copySymbolsIn.html]
[trello.com/node_modules/lodash/_getAllKeys.html]
[trello.com/node_modules/lodash/_getAllKeysIn.html]
[trello.com/node_modules/lodash/_getTag.html]
[trello.com/node_modules/lodash/_initCloneArray.html]
[trello.com/node_modules/lodash/_initCloneByTag.html]
[trello.com/node_modules/lodash/_initCloneObject.html]
[trello.com/node_modules/lodash/isArray.html]
[trello.com/node_modules/lodash/isBuffer.html]
[trello.com/node_modules/lodash/isMap.html]
[trello.com/node_modules/lodash/isObject.html]
[trello.com/node_modules/lodash/isSet.html]
[trello.com/node_modules/webpack/buildin/module.html]
[trello.com/node_modules/lodash/_getSymbols.html]
[trello.com/node_modules/lodash/_getSymbolsIn.html]
[trello.com/node_modules/webpack/buildin/global.html]
[trello.com/node_modules/lodash/_overArg.html]
[trello.com/node_modules/lodash/_isKeyable.html]
[trello.com/node_modules/lodash/_nativeCreate.html]
[trello.com/node_modules/lodash/_baseCreate.html]
[trello.com/node_modules/lodash/_getPrototype.html]
[trello.com/node_modules/lodash/_isPrototype.html]
[trello.com/node_modules/lodash/_assocIndexOf.html]
[trello.com/node_modules/lodash/_Hash.html]
[trello.com/node_modules/lodash/_Map.html]
[trello.com/node_modules/lodash/_getMapData.html]
[trello.com/node_modules/lodash/_freeGlobal.html]
[trello.com/node_modules/lodash/_MapCache.html]
[trello.com/node_modules/lodash/_baseClone.html]
[trello.com/node_modules/lodash/_baseGetTag.html]
[trello.com/node_modules/lodash/isObjectLike.html]
[trello.com/node_modules/qs/lib/stringify.html]
[trello.com/node_modules/qs/lib/parse.html]
[trello.com/node_modules/qs/lib/formats.html]
[trello.com/node_modules/qs/lib/utils.html]
[trello.com/node_modules/axios/index.html]
[trello.com/node_modules/contentful-sdk-core/index.es-modules.html]
[trello.com/create-contentful-api.html]
[trello.com/create-global-options.html]
[trello.com/entities/index.html]
[trello.com/paged-sync.html]
[trello.com/mixins/stringify-safe.html]
[trello.com/node_modules/contentful-resolve-response/dist/esm/index.html]
[trello.com/entities/space.html]
[trello.com/entities/entry.html]
[trello.com/entities/asset.html]
[trello.com/entities/content-type.html]
[trello.com/entities/locale.html]
[trello.com/node_modules/json-stringify-safe/stringify.html]
[trello.com/node_modules/core-js/fn/promise.html]
[trello.com/node_modules/core-js/fn/object/assign.html]
[trello.com/node_modules/core-js/fn/array/from.html]
[trello.com/node_modules/core-js/fn/array/find.html]
[trello.com/node_modules/core-js/fn/set.html]
[trello.com/contentful.html]
[trello.com/guide/GET.html]
[trello.com/login2a39.html]
[trello.com/signup2a39.html]
[d2k1ftgv7pobq7.cloudfront.net/meta/u/res/images/bf34d18a3c9b8cb86067081adcccc06b/tile-enduser.png]
[d2k1ftgv7pobq7.cloudfront.net/meta/u/res/images/ec0bb41bea27982711d4189d0e294626/tile-sysadmin.png]
[trello.com/guide/enterprise.html]
[trello.com/b/1Jz6SorC/the-dev-board22d4.html]
[trello.com/b/ocCuiDQ4/hawaii-vacation22d4.html]
[trello.com/power-ups22d4.html]
[d2k1ftgv7pobq7.cloudfront.net/meta/u/res/css/25f79fc36c0e1135300a82f84c508444/normalize.css]
[trello.com/login5b9e.html]
[trello.com/signup5b9e.html]
[d2k1ftgv7pobq7.cloudfront.net/meta/u/res/images/41a74b27011ec3041305923cb7038a30/header-bg-small.png]
[d2k1ftgv7pobq7.cloudfront.net/meta/u/res/images/d875ce45e8ab4410de0a02057d8894ff/header-bg-medium.png]
[d2k1ftgv7pobq7.cloudfront.net/meta/u/res/images/e0abbf20cc0118e594f5331e45ba0021/header-bg-large.png]
[d2k1ftgv7pobq7.cloudfront.net/meta/u/res/js/c0886005f4b14c7aec48c0042738ac14/flickity.pkgd.min.js]
[d2k1ftgv7pobq7.cloudfront.net/meta/u/res/js/4cc5f54668c33fb7e1c54dbd699e03a5/inspiration.js]
[trello.com/inspiration.html]
[trello.com/login10e7.html]
[trello.com/guide/trello-102.html]
[trello.com/signup10e7.html]
[trello.com/guide/create-a-board-2.html]
[trello.com/signupca53.html]
[trello.com/loginca53.html]
[trello.com/loginff43.html]
[trello.com/guide/feature-deep-dive-2.html]
[trello.com/signupff43.html]
[trello.com/login9e0a.html]
[trello.com/guide/power-up-productivity-2.html]
[trello.com/signup9e0a.html]
[trello.com/login06a9.html]
[trello.com/guide/expand-your-use-of-trello-2.html]
[trello.com/signup06a9.html]
[trello.com/login9642.html]
[trello.com/guide/collaboration-2.html]
[trello.com/signup9642.html]
[trello.com/login2456.html]
[trello.com/guide/create-a-team-2.html]
[trello.com/signup2456.html]
[trello.com/login7c0d.html]
[trello.com/guide/team-administration-2.html]
[trello.com/signup7c0d.html]
[trello.com/logine0ea.html]
[trello.com/guide/pro-tips-2.html]
[trello.com/signupe0ea.html]
[trello.com/guide/how-to-leave-your-old-tools-2.html]
[trello.com/logind313.html]
[trello.com/signupd313.html]
[trello.com/b/HbTEX5hb/employee-manual.html]
[trello.com/loginea3e.html]
[trello.com/signupea3e.html]
[trello.com/loginc79f.html]
[trello.com/signupc79f.html]
[trello.com/power-ups/55a5d917446f51777421000a/slack21ed.html]
[trello.com/power-ups/588a331cc86ffbe08f5d2c67/bitbucket-cloud21ed.html]
[trello.com/power-ups/55a5d916446f517774210006/google-drive21ed.html]
[trello.com/power-ups/55a5d917446f517774210009/salesforce21ed.html]
[trello.com/power-ups21ed.html]
[trello.com/power-ups/56d5e249a98895a9797bebb9/custom-fields21ed.html]
[trello.com/power-ups/57b47fb862d25a30298459b1/card-repeater21ed.html]
[trello.com/power-ups/55a5d917446f517774210011/calendar21ed.html]
[trello.com/business-class21ed.html]
[trello.com/enterprise21ed.html]
[trello.com/power-ups/55a5d915446f517774210003/evernote21ed.html]
[trello.com/power-ups/5940440775fbe327abd3329f/onedrive21ed.html]
[trello.com/power-ups/596f2cb2d279152540b2bb31/invision&utm_medium=power-up productvitiy.html]
[trello.com/power-ups/55a5d915446f517774210002/dropbox21ed.html]
[trello.com/power-ups/55a5d915446f517774210000/appear-in21ed.html]
[trello.com/signupd81e.html]
[trello.com/logind81e.html]
[trello.com/loginebc4.html]
[trello.com/teams21ed.html]
[trello.com/signupebc4.html]
[d2k1ftgv7pobq7.cloudfront.net/meta/u/res/integrations/css/41a5dca9dcfd5322a5b85120af54cd16/integrations.css]
[d2k1ftgv7pobq7.cloudfront.net/meta/u/res/integrations/js/slick/885deefd4637c17750fdcf4855bb225c/slick.css]
[d2k1ftgv7pobq7.cloudfront.net/meta/u/res/integrations/js/slick/8ed8d24677bedb459c9ab58c5c0b3982/slick-theme.css]
[ajax.googleapis.com/ajax/libs/angularjs/1.4.3/angular.min.js]
[ajax.googleapis.com/ajax/libs/angularjs/1.4.3/angular-resource.min.js]
[d2k1ftgv7pobq7.cloudfront.net/meta/u/res/integrations/js/aa13d64a5c8dd329ac949dccba29aea0/localizeIntegrationDescriptions.js]
[trello.com/login223b.html]
[d2k1ftgv7pobq7.cloudfront.net/meta/u/res/integrations/images/7909de12422ecfaaf211dd1b6c586b13/search.png]
[d2k1ftgv7pobq7.cloudfront.net/meta/u/res/integrations/images/633565cb930c8987303df14e049441d3/header.png]
[d2k1ftgv7pobq7.cloudfront.net/meta/u/res/integrations/images/8cae3cd1f241d482fc6df1cb94683f9d/slack.png]
[trello.com/signup223b.html]
[d2k1ftgv7pobq7.cloudfront.net/meta/u/res/integrations/images/0b9c69af0b34a9d18f4f341b27a3783c/adobe.png]
[d2k1ftgv7pobq7.cloudfront.net/meta/u/res/integrations/images/1c8d15e4cb2e82169bdd4d0ea407ab61/jira.png]
[trello.com/power-ups4d2f.html]
[d2k1ftgv7pobq7.cloudfront.net/meta/u/res/js/analytics/b7429eb4f7c605cbcf21707898f671c9/analytics-web-client.js]
[d2k1ftgv7pobq7.cloudfront.net/meta/u/res/js/analytics/920344ff27684fe94e6cd718aa5e448d/init-analytics-web-client.js]
[d2k1ftgv7pobq7.cloudfront.net/meta/u/res/js/analytics/36252699f58e708db8f43a7c1382f0a9/eventsWrapper.js]
[ajax.googleapis.com/ajax/libs/jquery/1.11.3/jquery.min.js]
[cdn.firebase.com/js/client/2.2.9/firebase.js]
[cdn.firebase.com/libs/angularfire/1.1.2/angularfire.min.js]
[d2k1ftgv7pobq7.cloudfront.net/meta/u/res/integrations/js/7d84733d860c1c0622f84db8725d695c/review-bar.js]
[d2k1ftgv7pobq7.cloudfront.net/meta/u/res/integrations/js/f639aba9a635f80a72c7cd390d9d18b4/controller.js]
[d2k1ftgv7pobq7.cloudfront.net/meta/u/res/integrations/js/slick/46a1727a0a627d1db8817680e632fc9a/slick.min.js]
[trello.com/integrations.html]
[trello.com/login4f4d.html]
[trello.com/signup4f4d.html]
[trello.com/login2e42.html]
[trello.com/signup2e42.html]
[trello.com/loginca5c.html]
[trello.com/signupca5c.html]
[trello.com/platforms/GET.html]
[trello.com/loginbdf1.html]
[d2k1ftgv7pobq7.cloudfront.net/meta/u/res/images/9ef5b88b3fe5fed26184feb13cd3a698/slack-trello.png]
[d2k1ftgv7pobq7.cloudfront.net/meta/u/res/images/47331dad9a9a4b1f47fce451f1076239/slack-taco-vid-img.png]
[d2k1ftgv7pobq7.cloudfront.net/meta/u/res/images/dbefeaca23aac03f584c31dd2c17cdcc/slack-mobile.png]
[trello.com/signupbdf1.html]
[d2k1ftgv7pobq7.cloudfront.net/meta/u/res/images/1cd71771ad8a21bca0f082baf27af890/slack-webdesign.jpg]
[d2k1ftgv7pobq7.cloudfront.net/meta/u/res/images/db8a72d486e14d6fe249b6a80962b69b/slack-webdesign-cropped.jpg]
[trello.com/platforms/slack.html]
[trello.com/login9eb0.html]
[trello.com/signup9eb0.html]
[trello.com/guide/getting-starteddc1b.html]
[trello.com/logina372.html]
[trello.com/platforms/slackdc1b.html]
[trello.com/business-classdc1b.html]
[trello.com/b/lGQZunS7/company-overview.html]
[trello.com/b/K0ZOiQ7U/town-hall-meetings.html]
[trello.com/b/ezWgKsol/sales-enterprise-feature-requests-sample.html]
[trello.com/logine3f6.html]
[trello.com/signupe3f6.html]
[trello.com/your/cards.html]
[trello.com/business-class1016.html]
[trello.com/enterprise1016.html]
[trello.com/signupa372.html]
[trello.com/signupd952.html]
[trello.com/logind952.html]
[trello.com/login4afe.html]
[trello.com/gold1016.html]
[trello.com/b/QtjSVKOf/the-ultimate-board-of-trello-tips-tricks.html]
[trello.com/loginadaa.html]
[trello.com/signupadaa.html]
[d2k1ftgv7pobq7.cloudfront.net/meta/u/res/css/6173f24c18d2fbf62fc24e5703c509dc/guide-enterprise.css]
[d2k1ftgv7pobq7.cloudfront.net/meta/u/res/css/583307596ea5973b1efefef4f3e830c2/featherlight.min.css]
[trello.com/guide/enterprise/GET.html]
[trello.com/css/enterprise.html]
[trello.com/recommend.html]
[secure.wufoo.com/scripts/embed/form.js]
[trello.com/logina4b3.html]
[trello.com/sso-configuration.html]
[trello.com/b/1x4Uql2u/project-management.html]
[trello.com/b/ANpOpyQQ/team-organization-central.html]
[trello.com/b/ry8F0DOb/team-goal-setting-central.html]
[trello.com/b/GDz7Wd53/weekly-team-meetings.html]
[d2k1ftgv7pobq7.cloudfront.net/meta/u/res/css/25f79fc36c0e1135300a82f84c508444/normalize.css]
[trello.com/login5b9e.html]
[trello.com/signup5b9e.html]
[trello.com/login10e7.html]
[trello.com/signup10e7.html]
[trello.com/loginca53.html]
[trello.com/signupca53.html]
[trello.com/loginff43.html]
[trello.com/signupff43.html]
[trello.com/login9e0a.html]
[trello.com/signup9e0a.html]
[trello.com/login06a9.html]
[trello.com/signup06a9.html]
[trello.com/login9642.html]
[trello.com/signup9642.html]
[trello.com/login2456.html]
[trello.com/signup2456.html]
[trello.com/login7c0d.html]
[trello.com/signup7c0d.html]
[trello.com/logine0ea.html]
[trello.com/signupe0ea.html]
[trello.com/logind81e.html]
[trello.com/signupd81e.html]
[trello.com/loginebc4.html]
[trello.com/signupebc4.html]
[d2k1ftgv7pobq7.cloudfront.net/meta/u/res/integrations/css/41a5dca9dcfd5322a5b85120af54cd16/integrations.css]
[d2k1ftgv7pobq7.cloudfront.net/meta/u/res/integrations/js/slick/885deefd4637c17750fdcf4855bb225c/slick.css]
[trello.com/signupa4b3.html]
[d2k1ftgv7pobq7.cloudfront.net/meta/u/res/integrations/js/slick/8ed8d24677bedb459c9ab58c5c0b3982/slick-theme.css]
[trello.com/login223b.html]
[trello.com/signup223b.html]
[trello.com/power-ups4d2f.html]
[trello.com/platforms/GET.html]
[trello.com/loginbdf1.html]
[trello.com/signupbdf1.html]
[trello.com/logina372.html]
[trello.com/signupa372.html]
[trello.com/logind952.html]
[trello.com/signupd952.html]
[trello.com/login4afe.html]
[trello.com/signup46de.html]
[trello.com/loginab17.html]
[trello.com/signupab17.html]
[trello.com/recommend.html]
[trello.com/css/enterprise.html]
[trello.com/logina4b3.html]
[trello.com/gold.html]
[trello.com/signupa4b3.html]
[d2k1ftgv7pobq7.cloudfront.net/meta/u/res/integrations/js/slick/8ed8d24677bedb459c9ab58c5c0b3982/ajax-loader.gif]
[trello.com/signup46de.html]
[trello.com/loginab17.html]
[trello.com/signupab17.html]
[trello.com/login46de.html]
[trello.com/login0476.html]
[trello.com/gold.html]
[trello.com/login46de.html]
[trello.com/login0476.html]
[trello.com/signup0476.html]
[trello.com/signup0476.html]
